CRITICAL - 2022-12-15 16:39:33 --> Undefined property: App\Controllers\Mitra::$db
in APPPATH\Controllers\Mitra.php on line 27.
 1 APPPATH\Controllers\Mitra.php(27): CodeIgniter\Debug\Exceptions->errorHandler(2, 'Undefined property: App\\Controllers\\Mitra::$db', 'APPPATH\\Controllers\\Mitra.php', 27)
 2 SYSTEMPATH\CodeIgniter.php(927): App\Controllers\Mitra->tambah()
 3 SYSTEMPATH\CodeIgniter.php(482): CodeIgniter\CodeIgniter->runController(Object(App\Controllers\Mitra))
 4 SYSTEMPATH\CodeIgniter.php(351): CodeIgniter\CodeIgniter->handleRequest(null, Object(Config\Cache), false)
 5 FCPATH\index.php(67): CodeIgniter\CodeIgniter->run()
 6 SYSTEMPATH\Commands\Server\rewrite.php(46): require_once('FCPATH\\index.php')
CRITICAL - 2022-12-15 16:40:05 --> Call to undefined method App\Controllers\Mitra::table()
in APPPATH\Controllers\Mitra.php on line 27.
 1 SYSTEMPATH\CodeIgniter.php(927): App\Controllers\Mitra->tambah()
 2 SYSTEMPATH\CodeIgniter.php(482): CodeIgniter\CodeIgniter->runController(Object(App\Controllers\Mitra))
 3 SYSTEMPATH\CodeIgniter.php(351): CodeIgniter\CodeIgniter->handleRequest(null, Object(Config\Cache), false)
 4 FCPATH\index.php(67): CodeIgniter\CodeIgniter->run()
 5 SYSTEMPATH\Commands\Server\rewrite.php(46): require_once('FCPATH\\index.php')
CRITICAL - 2022-12-15 16:49:15 --> syntax error, unexpected token ";", expecting ")"
in APPPATH\Controllers\Mitra.php on line 29.
 1 SYSTEMPATH\Autoloader\Autoloader.php(259): CodeIgniter\Autoloader\Autoloader->includeFile('APPPATH\\Controllers\\Mitra.php')
 2 SYSTEMPATH\Autoloader\Autoloader.php(237): CodeIgniter\Autoloader\Autoloader->loadInNamespace('App\\Controllers\\Mitra')
 3 [internal function]: CodeIgniter\Autoloader\Autoloader->loadClass('App\\Controllers\\Mitra')
 4 SYSTEMPATH\CodeIgniter.php(877): class_exists('\\App\\Controllers\\Mitra', true)
 5 SYSTEMPATH\CodeIgniter.php(469): CodeIgniter\CodeIgniter->startController()
 6 SYSTEMPATH\CodeIgniter.php(351): CodeIgniter\CodeIgniter->handleRequest(null, Object(Config\Cache), false)
 7 FCPATH\index.php(67): CodeIgniter\CodeIgniter->run()
 8 SYSTEMPATH\Commands\Server\rewrite.php(46): require_once('FCPATH\\index.php')
ERROR - 2022-12-15 16:50:42 --> mysqli_sql_exception: Table 'bps1206.usersasdfasf' doesn't exist in C:\xampp7\htdocs\regsosek1206\vendor\codeigniter4\framework\system\Database\MySQLi\Connection.php:292
Stack trace:
#0 C:\xampp7\htdocs\regsosek1206\vendor\codeigniter4\framework\system\Database\MySQLi\Connection.php(292): mysqli->query('SELECT * FROM u...', 0)
#1 C:\xampp7\htdocs\regsosek1206\vendor\codeigniter4\framework\system\Database\BaseConnection.php(666): CodeIgniter\Database\MySQLi\Connection->execute('SELECT * FROM u...')
#2 C:\xampp7\htdocs\regsosek1206\vendor\codeigniter4\framework\system\Database\BaseConnection.php(593): CodeIgniter\Database\BaseConnection->simpleQuery('SELECT * FROM u...')
#3 C:\xampp7\htdocs\regsosek1206\app\Controllers\Mitra.php(29): CodeIgniter\Database\BaseConnection->query('SELECT * FROM u...')
#4 C:\xampp7\htdocs\regsosek1206\vendor\codeigniter4\framework\system\CodeIgniter.php(927): App\Controllers\Mitra->tambah()
#5 C:\xampp7\htdocs\regsosek1206\vendor\codeigniter4\framework\system\CodeIgniter.php(482): CodeIgniter\CodeIgniter->runController(Object(App\Controllers\Mitra))
#6 C:\xampp7\htdocs\regsosek1206\vendor\codeigniter4\framework\system\CodeIgniter.php(351): CodeIgniter\CodeIgniter->handleRequest(NULL, Object(Config\Cache), false)
#7 C:\xampp7\htdocs\regsosek1206\public\index.php(67): CodeIgniter\CodeIgniter->run()
#8 C:\xampp7\htdocs\regsosek1206\vendor\codeigniter4\framework\system\Commands\Server\rewrite.php(46): require_once('C:\\xampp7\\htdoc...')
#9 {main}
CRITICAL - 2022-12-15 16:50:42 --> Table 'bps1206.usersasdfasf' doesn't exist
in SYSTEMPATH\Database\MySQLi\Connection.php on line 292.
 1 SYSTEMPATH\Database\MySQLi\Connection.php(292): mysqli->query('SELECT * FROM usersasdfasf', 0)
 2 SYSTEMPATH\Database\BaseConnection.php(666): CodeIgniter\Database\MySQLi\Connection->execute('SELECT * FROM usersasdfasf')
 3 SYSTEMPATH\Database\BaseConnection.php(593): CodeIgniter\Database\BaseConnection->simpleQuery('SELECT * FROM usersasdfasf')
 4 APPPATH\Controllers\Mitra.php(29): CodeIgniter\Database\BaseConnection->query('SELECT * FROM usersasdfasf')
 5 SYSTEMPATH\CodeIgniter.php(927): App\Controllers\Mitra->tambah()
 6 SYSTEMPATH\CodeIgniter.php(482): CodeIgniter\CodeIgniter->runController(Object(App\Controllers\Mitra))
 7 SYSTEMPATH\CodeIgniter.php(351): CodeIgniter\CodeIgniter->handleRequest(null, Object(Config\Cache), false)
 8 FCPATH\index.php(67): CodeIgniter\CodeIgniter->run()
 9 SYSTEMPATH\Commands\Server\rewrite.php(46): require_once('FCPATH\\index.php')
CRITICAL - 2022-12-15 16:51:56 --> Constant expression contains invalid operations
in APPPATH\Controllers\Mitra.php on line 9.
 1 [internal function]: CodeIgniter\Debug\Exceptions->shutdownHandler()
CRITICAL - 2022-12-15 16:52:11 --> Constant expression contains invalid operations
in APPPATH\Controllers\Mitra.php on line 9.
 1 [internal function]: CodeIgniter\Debug\Exceptions->shutdownHandler()
CRITICAL - 2022-12-15 17:02:13 --> Constant expression contains invalid operations
in APPPATH\Controllers\Mitra.php on line 9.
 1 [internal function]: CodeIgniter\Debug\Exceptions->shutdownHandler()
CRITICAL - 2022-12-15 17:02:27 --> Constant expression contains invalid operations
in APPPATH\Controllers\Mitra.php on line 10.
 1 [internal function]: CodeIgniter\Debug\Exceptions->shutdownHandler()
ERROR - 2022-12-15 21:53:38 --> mysqli_sql_exception: Unknown column 'password' in 'field list' in C:\xampp7\htdocs\regsosek1206\vendor\codeigniter4\framework\system\Database\MySQLi\Connection.php:292
Stack trace:
#0 C:\xampp7\htdocs\regsosek1206\vendor\codeigniter4\framework\system\Database\MySQLi\Connection.php(292): mysqli->query('INSERT INTO `us...', 0)
#1 C:\xampp7\htdocs\regsosek1206\vendor\codeigniter4\framework\system\Database\BaseConnection.php(666): CodeIgniter\Database\MySQLi\Connection->execute('INSERT INTO `us...')
#2 C:\xampp7\htdocs\regsosek1206\vendor\codeigniter4\framework\system\Database\BaseConnection.php(593): CodeIgniter\Database\BaseConnection->simpleQuery('INSERT INTO `us...')
#3 C:\xampp7\htdocs\regsosek1206\vendor\codeigniter4\framework\system\Database\BaseBuilder.php(1916): CodeIgniter\Database\BaseConnection->query('INSERT INTO `us...', Array, false)
#4 C:\xampp7\htdocs\regsosek1206\app\Controllers\Mitra.php(53): CodeIgniter\Database\BaseBuilder->insert(Array)
#5 C:\xampp7\htdocs\regsosek1206\vendor\codeigniter4\framework\system\CodeIgniter.php(927): App\Controllers\Mitra->tambah()
#6 C:\xampp7\htdocs\regsosek1206\vendor\codeigniter4\framework\system\CodeIgniter.php(482): CodeIgniter\CodeIgniter->runController(Object(App\Controllers\Mitra))
#7 C:\xampp7\htdocs\regsosek1206\vendor\codeigniter4\framework\system\CodeIgniter.php(351): CodeIgniter\CodeIgniter->handleRequest(NULL, Object(Config\Cache), false)
#8 C:\xampp7\htdocs\regsosek1206\public\index.php(67): CodeIgniter\CodeIgniter->run()
#9 C:\xampp7\htdocs\regsosek1206\vendor\codeigniter4\framework\system\Commands\Server\rewrite.php(46): require_once('C:\\xampp7\\htdoc...')
#10 {main}
CRITICAL - 2022-12-15 21:53:38 --> Unknown column 'password' in 'field list'
in SYSTEMPATH\Database\MySQLi\Connection.php on line 292.
 1 SYSTEMPATH\Database\MySQLi\Connection.php(292): mysqli->query('INSERT INTO `users` (`email`, `username`, `password`) VALUES (\'bernaldo.n70@gmail.com\', NULL, \'$2y$10$mNShDeP7E/hhya.3qadyQ.J4shMX0rRv4nhZ1ceFskbu2pzjScU/W\')', 0)
 2 SYSTEMPATH\Database\BaseConnection.php(666): CodeIgniter\Database\MySQLi\Connection->execute('INSERT INTO `users` (`email`, `username`, `password`) VALUES (\'bernaldo.n70@gmail.com\', NULL, \'$2y$10$mNShDeP7E/hhya.3qadyQ.J4shMX0rRv4nhZ1ceFskbu2pzjScU/W\')')
 3 SYSTEMPATH\Database\BaseConnection.php(593): CodeIgniter\Database\BaseConnection->simpleQuery('INSERT INTO `users` (`email`, `username`, `password`) VALUES (\'bernaldo.n70@gmail.com\', NULL, \'$2y$10$mNShDeP7E/hhya.3qadyQ.J4shMX0rRv4nhZ1ceFskbu2pzjScU/W\')')
 4 SYSTEMPATH\Database\BaseBuilder.php(1916): CodeIgniter\Database\BaseConnection->query('INSERT INTO `users` (`email`, `username`, `password`) VALUES (:email:, :username:, :password:)', [...], false)
 5 APPPATH\Controllers\Mitra.php(53): CodeIgniter\Database\BaseBuilder->insert([...])
 6 SYSTEMPATH\CodeIgniter.php(927): App\Controllers\Mitra->tambah()
 7 SYSTEMPATH\CodeIgniter.php(482): CodeIgniter\CodeIgniter->runController(Object(App\Controllers\Mitra))
 8 SYSTEMPATH\CodeIgniter.php(351): CodeIgniter\CodeIgniter->handleRequest(null, Object(Config\Cache), false)
 9 FCPATH\index.php(67): CodeIgniter\CodeIgniter->run()
10 SYSTEMPATH\Commands\Server\rewrite.php(46): require_once('FCPATH\\index.php')
ERROR - 2022-12-15 21:54:35 --> mysqli_sql_exception: Unknown column 'password' in 'field list' in C:\xampp7\htdocs\regsosek1206\vendor\codeigniter4\framework\system\Database\MySQLi\Connection.php:292
Stack trace:
#0 C:\xampp7\htdocs\regsosek1206\vendor\codeigniter4\framework\system\Database\MySQLi\Connection.php(292): mysqli->query('INSERT INTO `us...', 0)
#1 C:\xampp7\htdocs\regsosek1206\vendor\codeigniter4\framework\system\Database\BaseConnection.php(666): CodeIgniter\Database\MySQLi\Connection->execute('INSERT INTO `us...')
#2 C:\xampp7\htdocs\regsosek1206\vendor\codeigniter4\framework\system\Database\BaseConnection.php(593): CodeIgniter\Database\BaseConnection->simpleQuery('INSERT INTO `us...')
#3 C:\xampp7\htdocs\regsosek1206\vendor\codeigniter4\framework\system\Database\BaseBuilder.php(1916): CodeIgniter\Database\BaseConnection->query('INSERT INTO `us...', Array, false)
#4 C:\xampp7\htdocs\regsosek1206\app\Controllers\Mitra.php(53): CodeIgniter\Database\BaseBuilder->insert(Array)
#5 C:\xampp7\htdocs\regsosek1206\vendor\codeigniter4\framework\system\CodeIgniter.php(927): App\Controllers\Mitra->tambah()
#6 C:\xampp7\htdocs\regsosek1206\vendor\codeigniter4\framework\system\CodeIgniter.php(482): CodeIgniter\CodeIgniter->runController(Object(App\Controllers\Mitra))
#7 C:\xampp7\htdocs\regsosek1206\vendor\codeigniter4\framework\system\CodeIgniter.php(351): CodeIgniter\CodeIgniter->handleRequest(NULL, Object(Config\Cache), false)
#8 C:\xampp7\htdocs\regsosek1206\public\index.php(67): CodeIgniter\CodeIgniter->run()
#9 C:\xampp7\htdocs\regsosek1206\vendor\codeigniter4\framework\system\Commands\Server\rewrite.php(46): require_once('C:\\xampp7\\htdoc...')
#10 {main}
CRITICAL - 2022-12-15 21:54:35 --> Unknown column 'password' in 'field list'
in SYSTEMPATH\Database\MySQLi\Connection.php on line 292.
 1 SYSTEMPATH\Database\MySQLi\Connection.php(292): mysqli->query('INSERT INTO `users` (`email`, `username`, `password`) VALUES (\'bernaldo.n70@gmail.com\', NULL, \'$2y$10$dUbLRFkDWksjamM.1xVeaunaVNhv9Ugd3vN8UrpJJ30w1kb90Xkja\')', 0)
 2 SYSTEMPATH\Database\BaseConnection.php(666): CodeIgniter\Database\MySQLi\Connection->execute('INSERT INTO `users` (`email`, `username`, `password`) VALUES (\'bernaldo.n70@gmail.com\', NULL, \'$2y$10$dUbLRFkDWksjamM.1xVeaunaVNhv9Ugd3vN8UrpJJ30w1kb90Xkja\')')
 3 SYSTEMPATH\Database\BaseConnection.php(593): CodeIgniter\Database\BaseConnection->simpleQuery('INSERT INTO `users` (`email`, `username`, `password`) VALUES (\'bernaldo.n70@gmail.com\', NULL, \'$2y$10$dUbLRFkDWksjamM.1xVeaunaVNhv9Ugd3vN8UrpJJ30w1kb90Xkja\')')
 4 SYSTEMPATH\Database\BaseBuilder.php(1916): CodeIgniter\Database\BaseConnection->query('INSERT INTO `users` (`email`, `username`, `password`) VALUES (:email:, :username:, :password:)', [...], false)
 5 APPPATH\Controllers\Mitra.php(53): CodeIgniter\Database\BaseBuilder->insert([...])
 6 SYSTEMPATH\CodeIgniter.php(927): App\Controllers\Mitra->tambah()
 7 SYSTEMPATH\CodeIgniter.php(482): CodeIgniter\CodeIgniter->runController(Object(App\Controllers\Mitra))
 8 SYSTEMPATH\CodeIgniter.php(351): CodeIgniter\CodeIgniter->handleRequest(null, Object(Config\Cache), false)
 9 FCPATH\index.php(67): CodeIgniter\CodeIgniter->run()
10 SYSTEMPATH\Commands\Server\rewrite.php(46): require_once('FCPATH\\index.php')
ERROR - 2022-12-15 21:55:15 --> mysqli_sql_exception: Unknown column 'password' in 'field list' in C:\xampp7\htdocs\regsosek1206\vendor\codeigniter4\framework\system\Database\MySQLi\Connection.php:292
Stack trace:
#0 C:\xampp7\htdocs\regsosek1206\vendor\codeigniter4\framework\system\Database\MySQLi\Connection.php(292): mysqli->query('INSERT INTO `us...', 0)
#1 C:\xampp7\htdocs\regsosek1206\vendor\codeigniter4\framework\system\Database\BaseConnection.php(666): CodeIgniter\Database\MySQLi\Connection->execute('INSERT INTO `us...')
#2 C:\xampp7\htdocs\regsosek1206\vendor\codeigniter4\framework\system\Database\BaseConnection.php(593): CodeIgniter\Database\BaseConnection->simpleQuery('INSERT INTO `us...')
#3 C:\xampp7\htdocs\regsosek1206\vendor\codeigniter4\framework\system\Database\BaseBuilder.php(1916): CodeIgniter\Database\BaseConnection->query('INSERT INTO `us...', Array, false)
#4 C:\xampp7\htdocs\regsosek1206\app\Controllers\Mitra.php(53): CodeIgniter\Database\BaseBuilder->insert(Array)
#5 C:\xampp7\htdocs\regsosek1206\vendor\codeigniter4\framework\system\CodeIgniter.php(927): App\Controllers\Mitra->tambah()
#6 C:\xampp7\htdocs\regsosek1206\vendor\codeigniter4\framework\system\CodeIgniter.php(482): CodeIgniter\CodeIgniter->runController(Object(App\Controllers\Mitra))
#7 C:\xampp7\htdocs\regsosek1206\vendor\codeigniter4\framework\system\CodeIgniter.php(351): CodeIgniter\CodeIgniter->handleRequest(NULL, Object(Config\Cache), false)
#8 C:\xampp7\htdocs\regsosek1206\public\index.php(67): CodeIgniter\CodeIgniter->run()
#9 C:\xampp7\htdocs\regsosek1206\vendor\codeigniter4\framework\system\Commands\Server\rewrite.php(46): require_once('C:\\xampp7\\htdoc...')
#10 {main}
CRITICAL - 2022-12-15 21:55:15 --> Unknown column 'password' in 'field list'
in SYSTEMPATH\Database\MySQLi\Connection.php on line 292.
 1 SYSTEMPATH\Database\MySQLi\Connection.php(292): mysqli->query('INSERT INTO `users` (`email`, `username`, `password`) VALUES (\'bernaldo.n70@gmail.com\', NULL, \'$2y$10$xi585dkaMOX9g.SiBsrqLezZ9Iec1N8pgeLJlgUcvkX/f4.S8V9Ni\')', 0)
 2 SYSTEMPATH\Database\BaseConnection.php(666): CodeIgniter\Database\MySQLi\Connection->execute('INSERT INTO `users` (`email`, `username`, `password`) VALUES (\'bernaldo.n70@gmail.com\', NULL, \'$2y$10$xi585dkaMOX9g.SiBsrqLezZ9Iec1N8pgeLJlgUcvkX/f4.S8V9Ni\')')
 3 SYSTEMPATH\Database\BaseConnection.php(593): CodeIgniter\Database\BaseConnection->simpleQuery('INSERT INTO `users` (`email`, `username`, `password`) VALUES (\'bernaldo.n70@gmail.com\', NULL, \'$2y$10$xi585dkaMOX9g.SiBsrqLezZ9Iec1N8pgeLJlgUcvkX/f4.S8V9Ni\')')
 4 SYSTEMPATH\Database\BaseBuilder.php(1916): CodeIgniter\Database\BaseConnection->query('INSERT INTO `users` (`email`, `username`, `password`) VALUES (:email:, :username:, :password:)', [...], false)
 5 APPPATH\Controllers\Mitra.php(53): CodeIgniter\Database\BaseBuilder->insert([...])
 6 SYSTEMPATH\CodeIgniter.php(927): App\Controllers\Mitra->tambah()
 7 SYSTEMPATH\CodeIgniter.php(482): CodeIgniter\CodeIgniter->runController(Object(App\Controllers\Mitra))
 8 SYSTEMPATH\CodeIgniter.php(351): CodeIgniter\CodeIgniter->handleRequest(null, Object(Config\Cache), false)
 9 FCPATH\index.php(67): CodeIgniter\CodeIgniter->run()
10 SYSTEMPATH\Commands\Server\rewrite.php(46): require_once('FCPATH\\index.php')
ERROR - 2022-12-15 21:55:37 --> mysqli_sql_exception: Unknown column 'password' in 'field list' in C:\xampp7\htdocs\regsosek1206\vendor\codeigniter4\framework\system\Database\MySQLi\Connection.php:292
Stack trace:
#0 C:\xampp7\htdocs\regsosek1206\vendor\codeigniter4\framework\system\Database\MySQLi\Connection.php(292): mysqli->query('INSERT INTO `us...', 0)
#1 C:\xampp7\htdocs\regsosek1206\vendor\codeigniter4\framework\system\Database\BaseConnection.php(666): CodeIgniter\Database\MySQLi\Connection->execute('INSERT INTO `us...')
#2 C:\xampp7\htdocs\regsosek1206\vendor\codeigniter4\framework\system\Database\BaseConnection.php(593): CodeIgniter\Database\BaseConnection->simpleQuery('INSERT INTO `us...')
#3 C:\xampp7\htdocs\regsosek1206\vendor\codeigniter4\framework\system\Database\BaseBuilder.php(1916): CodeIgniter\Database\BaseConnection->query('INSERT INTO `us...', Array, false)
#4 C:\xampp7\htdocs\regsosek1206\app\Controllers\Mitra.php(53): CodeIgniter\Database\BaseBuilder->insert(Array)
#5 C:\xampp7\htdocs\regsosek1206\vendor\codeigniter4\framework\system\CodeIgniter.php(927): App\Controllers\Mitra->tambah()
#6 C:\xampp7\htdocs\regsosek1206\vendor\codeigniter4\framework\system\CodeIgniter.php(482): CodeIgniter\CodeIgniter->runController(Object(App\Controllers\Mitra))
#7 C:\xampp7\htdocs\regsosek1206\vendor\codeigniter4\framework\system\CodeIgniter.php(351): CodeIgniter\CodeIgniter->handleRequest(NULL, Object(Config\Cache), false)
#8 C:\xampp7\htdocs\regsosek1206\public\index.php(67): CodeIgniter\CodeIgniter->run()
#9 C:\xampp7\htdocs\regsosek1206\vendor\codeigniter4\framework\system\Commands\Server\rewrite.php(46): require_once('C:\\xampp7\\htdoc...')
#10 {main}
CRITICAL - 2022-12-15 21:55:37 --> Unknown column 'password' in 'field list'
in SYSTEMPATH\Database\MySQLi\Connection.php on line 292.
 1 SYSTEMPATH\Database\MySQLi\Connection.php(292): mysqli->query('INSERT INTO `users` (`email`, `username`, `password`) VALUES (\'bernaldo.n70@gmail.com\', NULL, \'$2y$10$sdNUBvvpJCJhd7h8c.2CneIQ7NtGQb725vYRd0mGmTxd3GwHyDCLu\')', 0)
 2 SYSTEMPATH\Database\BaseConnection.php(666): CodeIgniter\Database\MySQLi\Connection->execute('INSERT INTO `users` (`email`, `username`, `password`) VALUES (\'bernaldo.n70@gmail.com\', NULL, \'$2y$10$sdNUBvvpJCJhd7h8c.2CneIQ7NtGQb725vYRd0mGmTxd3GwHyDCLu\')')
 3 SYSTEMPATH\Database\BaseConnection.php(593): CodeIgniter\Database\BaseConnection->simpleQuery('INSERT INTO `users` (`email`, `username`, `password`) VALUES (\'bernaldo.n70@gmail.com\', NULL, \'$2y$10$sdNUBvvpJCJhd7h8c.2CneIQ7NtGQb725vYRd0mGmTxd3GwHyDCLu\')')
 4 SYSTEMPATH\Database\BaseBuilder.php(1916): CodeIgniter\Database\BaseConnection->query('INSERT INTO `users` (`email`, `username`, `password`) VALUES (:email:, :username:, :password:)', [...], false)
 5 APPPATH\Controllers\Mitra.php(53): CodeIgniter\Database\BaseBuilder->insert([...])
 6 SYSTEMPATH\CodeIgniter.php(927): App\Controllers\Mitra->tambah()
 7 SYSTEMPATH\CodeIgniter.php(482): CodeIgniter\CodeIgniter->runController(Object(App\Controllers\Mitra))
 8 SYSTEMPATH\CodeIgniter.php(351): CodeIgniter\CodeIgniter->handleRequest(null, Object(Config\Cache), false)
 9 FCPATH\index.php(67): CodeIgniter\CodeIgniter->run()
10 SYSTEMPATH\Commands\Server\rewrite.php(46): require_once('FCPATH\\index.php')
ERROR - 2022-12-15 21:55:48 --> mysqli_sql_exception: Unknown column 'password' in 'field list' in C:\xampp7\htdocs\regsosek1206\vendor\codeigniter4\framework\system\Database\MySQLi\Connection.php:292
Stack trace:
#0 C:\xampp7\htdocs\regsosek1206\vendor\codeigniter4\framework\system\Database\MySQLi\Connection.php(292): mysqli->query('INSERT INTO `us...', 0)
#1 C:\xampp7\htdocs\regsosek1206\vendor\codeigniter4\framework\system\Database\BaseConnection.php(666): CodeIgniter\Database\MySQLi\Connection->execute('INSERT INTO `us...')
#2 C:\xampp7\htdocs\regsosek1206\vendor\codeigniter4\framework\system\Database\BaseConnection.php(593): CodeIgniter\Database\BaseConnection->simpleQuery('INSERT INTO `us...')
#3 C:\xampp7\htdocs\regsosek1206\vendor\codeigniter4\framework\system\Database\BaseBuilder.php(1916): CodeIgniter\Database\BaseConnection->query('INSERT INTO `us...', Array, false)
#4 C:\xampp7\htdocs\regsosek1206\app\Controllers\Mitra.php(53): CodeIgniter\Database\BaseBuilder->insert(Array)
#5 C:\xampp7\htdocs\regsosek1206\vendor\codeigniter4\framework\system\CodeIgniter.php(927): App\Controllers\Mitra->tambah()
#6 C:\xampp7\htdocs\regsosek1206\vendor\codeigniter4\framework\system\CodeIgniter.php(482): CodeIgniter\CodeIgniter->runController(Object(App\Controllers\Mitra))
#7 C:\xampp7\htdocs\regsosek1206\vendor\codeigniter4\framework\system\CodeIgniter.php(351): CodeIgniter\CodeIgniter->handleRequest(NULL, Object(Config\Cache), false)
#8 C:\xampp7\htdocs\regsosek1206\public\index.php(67): CodeIgniter\CodeIgniter->run()
#9 C:\xampp7\htdocs\regsosek1206\vendor\codeigniter4\framework\system\Commands\Server\rewrite.php(46): require_once('C:\\xampp7\\htdoc...')
#10 {main}
CRITICAL - 2022-12-15 21:55:48 --> Unknown column 'password' in 'field list'
in SYSTEMPATH\Database\MySQLi\Connection.php on line 292.
 1 SYSTEMPATH\Database\MySQLi\Connection.php(292): mysqli->query('INSERT INTO `users` (`email`, `username`, `password`) VALUES (\'bernaldo.n70@gmail.com\', NULL, \'$2y$10$yJl90WoTXVToMqgY2C4ZieblIoN6v4YMq2PYN2T.kl3IrRd3B5lYS\')', 0)
 2 SYSTEMPATH\Database\BaseConnection.php(666): CodeIgniter\Database\MySQLi\Connection->execute('INSERT INTO `users` (`email`, `username`, `password`) VALUES (\'bernaldo.n70@gmail.com\', NULL, \'$2y$10$yJl90WoTXVToMqgY2C4ZieblIoN6v4YMq2PYN2T.kl3IrRd3B5lYS\')')
 3 SYSTEMPATH\Database\BaseConnection.php(593): CodeIgniter\Database\BaseConnection->simpleQuery('INSERT INTO `users` (`email`, `username`, `password`) VALUES (\'bernaldo.n70@gmail.com\', NULL, \'$2y$10$yJl90WoTXVToMqgY2C4ZieblIoN6v4YMq2PYN2T.kl3IrRd3B5lYS\')')
 4 SYSTEMPATH\Database\BaseBuilder.php(1916): CodeIgniter\Database\BaseConnection->query('INSERT INTO `users` (`email`, `username`, `password`) VALUES (:email:, :username:, :password:)', [...], false)
 5 APPPATH\Controllers\Mitra.php(53): CodeIgniter\Database\BaseBuilder->insert([...])
 6 SYSTEMPATH\CodeIgniter.php(927): App\Controllers\Mitra->tambah()
 7 SYSTEMPATH\CodeIgniter.php(482): CodeIgniter\CodeIgniter->runController(Object(App\Controllers\Mitra))
 8 SYSTEMPATH\CodeIgniter.php(351): CodeIgniter\CodeIgniter->handleRequest(null, Object(Config\Cache), false)
 9 FCPATH\index.php(67): CodeIgniter\CodeIgniter->run()
10 SYSTEMPATH\Commands\Server\rewrite.php(46): require_once('FCPATH\\index.php')
ERROR - 2022-12-15 22:36:29 --> mysqli_sql_exception: Duplicate entry 'bernaldo.n70@gmail.com' for key 'email' in C:\xampp7\htdocs\regsosek1206\vendor\codeigniter4\framework\system\Database\MySQLi\Connection.php:292
Stack trace:
#0 C:\xampp7\htdocs\regsosek1206\vendor\codeigniter4\framework\system\Database\MySQLi\Connection.php(292): mysqli->query('INSERT INTO `us...', 0)
#1 C:\xampp7\htdocs\regsosek1206\vendor\codeigniter4\framework\system\Database\BaseConnection.php(666): CodeIgniter\Database\MySQLi\Connection->execute('INSERT INTO `us...')
#2 C:\xampp7\htdocs\regsosek1206\vendor\codeigniter4\framework\system\Database\BaseConnection.php(593): CodeIgniter\Database\BaseConnection->simpleQuery('INSERT INTO `us...')
#3 C:\xampp7\htdocs\regsosek1206\vendor\codeigniter4\framework\system\Database\BaseBuilder.php(1916): CodeIgniter\Database\BaseConnection->query('INSERT INTO `us...', Array, false)
#4 C:\xampp7\htdocs\regsosek1206\app\Controllers\Mitra.php(55): CodeIgniter\Database\BaseBuilder->insert(Array)
#5 C:\xampp7\htdocs\regsosek1206\vendor\codeigniter4\framework\system\CodeIgniter.php(927): App\Controllers\Mitra->tambah()
#6 C:\xampp7\htdocs\regsosek1206\vendor\codeigniter4\framework\system\CodeIgniter.php(482): CodeIgniter\CodeIgniter->runController(Object(App\Controllers\Mitra))
#7 C:\xampp7\htdocs\regsosek1206\vendor\codeigniter4\framework\system\CodeIgniter.php(351): CodeIgniter\CodeIgniter->handleRequest(NULL, Object(Config\Cache), false)
#8 C:\xampp7\htdocs\regsosek1206\public\index.php(67): CodeIgniter\CodeIgniter->run()
#9 C:\xampp7\htdocs\regsosek1206\vendor\codeigniter4\framework\system\Commands\Server\rewrite.php(46): require_once('C:\\xampp7\\htdoc...')
#10 {main}
CRITICAL - 2022-12-15 22:36:29 --> Duplicate entry 'bernaldo.n70@gmail.com' for key 'email'
in SYSTEMPATH\Database\MySQLi\Connection.php on line 292.
 1 SYSTEMPATH\Database\MySQLi\Connection.php(292): mysqli->query('INSERT INTO `users` (`email`, `username`, `password_hash`) VALUES (\'bernaldo.n70@gmail.com\', \'bernaldo.n70@gmail.com\', \'$2y$10$NXN6Eq4xLJliK1YISNu0Ve8fv0HMzGMZPOzE8Mh4VgPkb0P6R3SMS\')', 0)
 2 SYSTEMPATH\Database\BaseConnection.php(666): CodeIgniter\Database\MySQLi\Connection->execute('INSERT INTO `users` (`email`, `username`, `password_hash`) VALUES (\'bernaldo.n70@gmail.com\', \'bernaldo.n70@gmail.com\', \'$2y$10$NXN6Eq4xLJliK1YISNu0Ve8fv0HMzGMZPOzE8Mh4VgPkb0P6R3SMS\')')
 3 SYSTEMPATH\Database\BaseConnection.php(593): CodeIgniter\Database\BaseConnection->simpleQuery('INSERT INTO `users` (`email`, `username`, `password_hash`) VALUES (\'bernaldo.n70@gmail.com\', \'bernaldo.n70@gmail.com\', \'$2y$10$NXN6Eq4xLJliK1YISNu0Ve8fv0HMzGMZPOzE8Mh4VgPkb0P6R3SMS\')')
 4 SYSTEMPATH\Database\BaseBuilder.php(1916): CodeIgniter\Database\BaseConnection->query('INSERT INTO `users` (`email`, `username`, `password_hash`) VALUES (:email:, :username:, :password_hash:)', [...], false)
 5 APPPATH\Controllers\Mitra.php(55): CodeIgniter\Database\BaseBuilder->insert([...])
 6 SYSTEMPATH\CodeIgniter.php(927): App\Controllers\Mitra->tambah()
 7 SYSTEMPATH\CodeIgniter.php(482): CodeIgniter\CodeIgniter->runController(Object(App\Controllers\Mitra))
 8 SYSTEMPATH\CodeIgniter.php(351): CodeIgniter\CodeIgniter->handleRequest(null, Object(Config\Cache), false)
 9 FCPATH\index.php(67): CodeIgniter\CodeIgniter->run()
10 SYSTEMPATH\Commands\Server\rewrite.php(46): require_once('FCPATH\\index.php')
ERROR - 2022-12-15 23:34:29 --> mysqli_sql_exception: Unknown column 'username' in 'field list' in C:\xampp\htdocs\regsosek1206\vendor\codeigniter4\framework\system\Database\MySQLi\Connection.php:292
Stack trace:
#0 C:\xampp\htdocs\regsosek1206\vendor\codeigniter4\framework\system\Database\MySQLi\Connection.php(292): mysqli->query('INSERT INTO `us...', 0)
#1 C:\xampp\htdocs\regsosek1206\vendor\codeigniter4\framework\system\Database\BaseConnection.php(666): CodeIgniter\Database\MySQLi\Connection->execute('INSERT INTO `us...')
#2 C:\xampp\htdocs\regsosek1206\vendor\codeigniter4\framework\system\Database\BaseConnection.php(593): CodeIgniter\Database\BaseConnection->simpleQuery('INSERT INTO `us...')
#3 C:\xampp\htdocs\regsosek1206\vendor\codeigniter4\framework\system\Database\BaseBuilder.php(1916): CodeIgniter\Database\BaseConnection->query('INSERT INTO `us...', Array, false)
#4 C:\xampp\htdocs\regsosek1206\app\Controllers\Mitra.php(39): CodeIgniter\Database\BaseBuilder->insert(Array)
#5 C:\xampp\htdocs\regsosek1206\vendor\codeigniter4\framework\system\CodeIgniter.php(927): App\Controllers\Mitra->tambah()
#6 C:\xampp\htdocs\regsosek1206\vendor\codeigniter4\framework\system\CodeIgniter.php(482): CodeIgniter\CodeIgniter->runController(Object(App\Controllers\Mitra))
#7 C:\xampp\htdocs\regsosek1206\vendor\codeigniter4\framework\system\CodeIgniter.php(351): CodeIgniter\CodeIgniter->handleRequest(NULL, Object(Config\Cache), false)
#8 C:\xampp\htdocs\regsosek1206\public\index.php(67): CodeIgniter\CodeIgniter->run()
#9 C:\xampp\htdocs\regsosek1206\vendor\codeigniter4\framework\system\Commands\Server\rewrite.php(46): require_once('C:\\xampp\\htdocs...')
#10 {main}
CRITICAL - 2022-12-15 23:34:29 --> Unknown column 'username' in 'field list'
in SYSTEMPATH\Database\MySQLi\Connection.php on line 292.
 1 SYSTEMPATH\Database\MySQLi\Connection.php(292): mysqli->query('INSERT INTO `userinfo` (`email`, `username`, `password_hash`) VALUES (\'bernaldo.n7@gmail.com\', \'bernaldo.n7@gmail.com\', \'$2y$10$eJsV5dBZYulxirWO5YNwS.c2MNE1ggaWaaLcEKMwf0FmVilnB7xlO\')', 0)
 2 SYSTEMPATH\Database\BaseConnection.php(666): CodeIgniter\Database\MySQLi\Connection->execute('INSERT INTO `userinfo` (`email`, `username`, `password_hash`) VALUES (\'bernaldo.n7@gmail.com\', \'bernaldo.n7@gmail.com\', \'$2y$10$eJsV5dBZYulxirWO5YNwS.c2MNE1ggaWaaLcEKMwf0FmVilnB7xlO\')')
 3 SYSTEMPATH\Database\BaseConnection.php(593): CodeIgniter\Database\BaseConnection->simpleQuery('INSERT INTO `userinfo` (`email`, `username`, `password_hash`) VALUES (\'bernaldo.n7@gmail.com\', \'bernaldo.n7@gmail.com\', \'$2y$10$eJsV5dBZYulxirWO5YNwS.c2MNE1ggaWaaLcEKMwf0FmVilnB7xlO\')')
 4 SYSTEMPATH\Database\BaseBuilder.php(1916): CodeIgniter\Database\BaseConnection->query('INSERT INTO `userinfo` (`email`, `username`, `password_hash`) VALUES (:email:, :username:, :password_hash:)', [...], false)
 5 APPPATH\Controllers\Mitra.php(39): CodeIgniter\Database\BaseBuilder->insert([...])
 6 SYSTEMPATH\CodeIgniter.php(927): App\Controllers\Mitra->tambah()
 7 SYSTEMPATH\CodeIgniter.php(482): CodeIgniter\CodeIgniter->runController(Object(App\Controllers\Mitra))
 8 SYSTEMPATH\CodeIgniter.php(351): CodeIgniter\CodeIgniter->handleRequest(null, Object(Config\Cache), false)
 9 FCPATH\index.php(67): CodeIgniter\CodeIgniter->run()
10 SYSTEMPATH\Commands\Server\rewrite.php(46): require_once('FCPATH\\index.php')
ERROR - 2022-12-15 23:36:10 --> mysqli_sql_exception: Column 'wa' cannot be null in C:\xampp\htdocs\regsosek1206\vendor\codeigniter4\framework\system\Database\MySQLi\Connection.php:292
Stack trace:
#0 C:\xampp\htdocs\regsosek1206\vendor\codeigniter4\framework\system\Database\MySQLi\Connection.php(292): mysqli->query('INSERT INTO `us...', 0)
#1 C:\xampp\htdocs\regsosek1206\vendor\codeigniter4\framework\system\Database\BaseConnection.php(666): CodeIgniter\Database\MySQLi\Connection->execute('INSERT INTO `us...')
#2 C:\xampp\htdocs\regsosek1206\vendor\codeigniter4\framework\system\Database\BaseConnection.php(593): CodeIgniter\Database\BaseConnection->simpleQuery('INSERT INTO `us...')
#3 C:\xampp\htdocs\regsosek1206\vendor\codeigniter4\framework\system\Database\BaseBuilder.php(1916): CodeIgniter\Database\BaseConnection->query('INSERT INTO `us...', Array, false)
#4 C:\xampp\htdocs\regsosek1206\app\Controllers\Mitra.php(46): CodeIgniter\Database\BaseBuilder->insert(Array)
#5 C:\xampp\htdocs\regsosek1206\vendor\codeigniter4\framework\system\CodeIgniter.php(927): App\Controllers\Mitra->tambah()
#6 C:\xampp\htdocs\regsosek1206\vendor\codeigniter4\framework\system\CodeIgniter.php(482): CodeIgniter\CodeIgniter->runController(Object(App\Controllers\Mitra))
#7 C:\xampp\htdocs\regsosek1206\vendor\codeigniter4\framework\system\CodeIgniter.php(351): CodeIgniter\CodeIgniter->handleRequest(NULL, Object(Config\Cache), false)
#8 C:\xampp\htdocs\regsosek1206\public\index.php(67): CodeIgniter\CodeIgniter->run()
#9 C:\xampp\htdocs\regsosek1206\vendor\codeigniter4\framework\system\Commands\Server\rewrite.php(46): require_once('C:\\xampp\\htdocs...')
#10 {main}
CRITICAL - 2022-12-15 23:36:10 --> Column 'wa' cannot be null
in SYSTEMPATH\Database\MySQLi\Connection.php on line 292.
 1 SYSTEMPATH\Database\MySQLi\Connection.php(292): mysqli->query('INSERT INTO `userinfo` (`email`, `alamat`, `tlahir`, `wa`) VALUES (\'bernaldo.n7@gmail.com\', \'Sirandos\', \'2022-12-12\', NULL)', 0)
 2 SYSTEMPATH\Database\BaseConnection.php(666): CodeIgniter\Database\MySQLi\Connection->execute('INSERT INTO `userinfo` (`email`, `alamat`, `tlahir`, `wa`) VALUES (\'bernaldo.n7@gmail.com\', \'Sirandos\', \'2022-12-12\', NULL)')
 3 SYSTEMPATH\Database\BaseConnection.php(593): CodeIgniter\Database\BaseConnection->simpleQuery('INSERT INTO `userinfo` (`email`, `alamat`, `tlahir`, `wa`) VALUES (\'bernaldo.n7@gmail.com\', \'Sirandos\', \'2022-12-12\', NULL)')
 4 SYSTEMPATH\Database\BaseBuilder.php(1916): CodeIgniter\Database\BaseConnection->query('INSERT INTO `userinfo` (`email`, `alamat`, `tlahir`, `wa`) VALUES (:email:, :alamat:, :tlahir:, :wa:)', [...], false)
 5 APPPATH\Controllers\Mitra.php(46): CodeIgniter\Database\BaseBuilder->insert([...])
 6 SYSTEMPATH\CodeIgniter.php(927): App\Controllers\Mitra->tambah()
 7 SYSTEMPATH\CodeIgniter.php(482): CodeIgniter\CodeIgniter->runController(Object(App\Controllers\Mitra))
 8 SYSTEMPATH\CodeIgniter.php(351): CodeIgniter\CodeIgniter->handleRequest(null, Object(Config\Cache), false)
 9 FCPATH\index.php(67): CodeIgniter\CodeIgniter->run()
10 SYSTEMPATH\Commands\Server\rewrite.php(46): require_once('FCPATH\\index.php')
