CRITICAL - 2022-12-17 06:34:32 --> Call to undefined method CodeIgniter\Database\MySQLi\Result::distinct()
in APPPATH\Controllers\Regsosek2022.php on line 128.
 1 SYSTEMPATH\CodeIgniter.php(927): App\Controllers\Regsosek2022->dokumenerror()
 2 SYSTEMPATH\CodeIgniter.php(482): CodeIgniter\CodeIgniter->runController(Object(App\Controllers\Regsosek2022))
 3 SYSTEMPATH\CodeIgniter.php(351): CodeIgniter\CodeIgniter->handleRequest(null, Object(Config\Cache), false)
 4 FCPATH\index.php(67): CodeIgniter\CodeIgniter->run()
 5 SYSTEMPATH\Commands\Server\rewrite.php(46): require_once('FCPATH\\index.php')
CRITICAL - 2022-12-17 06:40:56 --> Call to a member function get() on int
in APPPATH\Controllers\Regsosek2022.php on line 132.
 1 SYSTEMPATH\CodeIgniter.php(927): App\Controllers\Regsosek2022->dokumenerror()
 2 SYSTEMPATH\CodeIgniter.php(482): CodeIgniter\CodeIgniter->runController(Object(App\Controllers\Regsosek2022))
 3 SYSTEMPATH\CodeIgniter.php(351): CodeIgniter\CodeIgniter->handleRequest(null, Object(Config\Cache), false)
 4 FCPATH\index.php(67): CodeIgniter\CodeIgniter->run()
 5 SYSTEMPATH\Commands\Server\rewrite.php(46): require_once('FCPATH\\index.php')
CRITICAL - 2022-12-17 06:41:56 --> Cannot access protected property CodeIgniter\Database\MySQLi\Result::$numRows
in APPPATH\Controllers\Regsosek2022.php on line 132.
 1 SYSTEMPATH\CodeIgniter.php(927): App\Controllers\Regsosek2022->dokumenerror()
 2 SYSTEMPATH\CodeIgniter.php(482): CodeIgniter\CodeIgniter->runController(Object(App\Controllers\Regsosek2022))
 3 SYSTEMPATH\CodeIgniter.php(351): CodeIgniter\CodeIgniter->handleRequest(null, Object(Config\Cache), false)
 4 FCPATH\index.php(67): CodeIgniter\CodeIgniter->run()
 5 SYSTEMPATH\Commands\Server\rewrite.php(46): require_once('FCPATH\\index.php')
CRITICAL - 2022-12-17 06:41:57 --> Cannot access protected property CodeIgniter\Database\MySQLi\Result::$numRows
in APPPATH\Controllers\Regsosek2022.php on line 132.
 1 SYSTEMPATH\CodeIgniter.php(927): App\Controllers\Regsosek2022->dokumenerror()
 2 SYSTEMPATH\CodeIgniter.php(482): CodeIgniter\CodeIgniter->runController(Object(App\Controllers\Regsosek2022))
 3 SYSTEMPATH\CodeIgniter.php(351): CodeIgniter\CodeIgniter->handleRequest(null, Object(Config\Cache), false)
 4 FCPATH\index.php(67): CodeIgniter\CodeIgniter->run()
 5 SYSTEMPATH\Commands\Server\rewrite.php(46): require_once('FCPATH\\index.php')
CRITICAL - 2022-12-17 06:52:30 --> Cannot use object of type stdClass as array
in APPPATH\Controllers\Regsosek2022.php on line 134.
 1 SYSTEMPATH\CodeIgniter.php(927): App\Controllers\Regsosek2022->dokumenerror()
 2 SYSTEMPATH\CodeIgniter.php(482): CodeIgniter\CodeIgniter->runController(Object(App\Controllers\Regsosek2022))
 3 SYSTEMPATH\CodeIgniter.php(351): CodeIgniter\CodeIgniter->handleRequest(null, Object(Config\Cache), false)
 4 FCPATH\index.php(67): CodeIgniter\CodeIgniter->run()
 5 SYSTEMPATH\Commands\Server\rewrite.php(46): require_once('FCPATH\\index.php')
CRITICAL - 2022-12-17 06:52:38 --> Attempt to read property "mitra" on null
in APPPATH\Controllers\Regsosek2022.php on line 134.
 1 APPPATH\Controllers\Regsosek2022.php(134): CodeIgniter\Debug\Exceptions->errorHandler(2, 'Attempt to read property "mitra" on null', 'APPPATH\\Controllers\\Regsosek2022.php', 134)
 2 SYSTEMPATH\CodeIgniter.php(927): App\Controllers\Regsosek2022->dokumenerror()
 3 SYSTEMPATH\CodeIgniter.php(482): CodeIgniter\CodeIgniter->runController(Object(App\Controllers\Regsosek2022))
 4 SYSTEMPATH\CodeIgniter.php(351): CodeIgniter\CodeIgniter->handleRequest(null, Object(Config\Cache), false)
 5 FCPATH\index.php(67): CodeIgniter\CodeIgniter->run()
 6 SYSTEMPATH\Commands\Server\rewrite.php(46): require_once('FCPATH\\index.php')
CRITICAL - 2022-12-17 06:53:37 --> Undefined array key 0
in APPPATH\Controllers\Regsosek2022.php on line 134.
 1 APPPATH\Controllers\Regsosek2022.php(134): CodeIgniter\Debug\Exceptions->errorHandler(2, 'Undefined array key 0', 'APPPATH\\Controllers\\Regsosek2022.php', 134)
 2 SYSTEMPATH\CodeIgniter.php(927): App\Controllers\Regsosek2022->dokumenerror()
 3 SYSTEMPATH\CodeIgniter.php(482): CodeIgniter\CodeIgniter->runController(Object(App\Controllers\Regsosek2022))
 4 SYSTEMPATH\CodeIgniter.php(351): CodeIgniter\CodeIgniter->handleRequest(null, Object(Config\Cache), false)
 5 FCPATH\index.php(67): CodeIgniter\CodeIgniter->run()
 6 SYSTEMPATH\Commands\Server\rewrite.php(46): require_once('FCPATH\\index.php')
CRITICAL - 2022-12-17 06:54:04 --> Attempt to read property "mitra" on array
in APPPATH\Controllers\Regsosek2022.php on line 134.
 1 APPPATH\Controllers\Regsosek2022.php(134): CodeIgniter\Debug\Exceptions->errorHandler(2, 'Attempt to read property "mitra" on array', 'APPPATH\\Controllers\\Regsosek2022.php', 134)
 2 SYSTEMPATH\CodeIgniter.php(927): App\Controllers\Regsosek2022->dokumenerror()
 3 SYSTEMPATH\CodeIgniter.php(482): CodeIgniter\CodeIgniter->runController(Object(App\Controllers\Regsosek2022))
 4 SYSTEMPATH\CodeIgniter.php(351): CodeIgniter\CodeIgniter->handleRequest(null, Object(Config\Cache), false)
 5 FCPATH\index.php(67): CodeIgniter\CodeIgniter->run()
 6 SYSTEMPATH\Commands\Server\rewrite.php(46): require_once('FCPATH\\index.php')
CRITICAL - 2022-12-17 06:54:14 --> Undefined array key "mitra"
in APPPATH\Controllers\Regsosek2022.php on line 134.
 1 APPPATH\Controllers\Regsosek2022.php(134): CodeIgniter\Debug\Exceptions->errorHandler(2, 'Undefined array key "mitra"', 'APPPATH\\Controllers\\Regsosek2022.php', 134)
 2 SYSTEMPATH\CodeIgniter.php(927): App\Controllers\Regsosek2022->dokumenerror()
 3 SYSTEMPATH\CodeIgniter.php(482): CodeIgniter\CodeIgniter->runController(Object(App\Controllers\Regsosek2022))
 4 SYSTEMPATH\CodeIgniter.php(351): CodeIgniter\CodeIgniter->handleRequest(null, Object(Config\Cache), false)
 5 FCPATH\index.php(67): CodeIgniter\CodeIgniter->run()
 6 SYSTEMPATH\Commands\Server\rewrite.php(46): require_once('FCPATH\\index.php')
CRITICAL - 2022-12-17 06:55:00 --> Undefined array key 0
in APPPATH\Controllers\Regsosek2022.php on line 134.
 1 APPPATH\Controllers\Regsosek2022.php(134): CodeIgniter\Debug\Exceptions->errorHandler(2, 'Undefined array key 0', 'APPPATH\\Controllers\\Regsosek2022.php', 134)
 2 SYSTEMPATH\CodeIgniter.php(927): App\Controllers\Regsosek2022->dokumenerror()
 3 SYSTEMPATH\CodeIgniter.php(482): CodeIgniter\CodeIgniter->runController(Object(App\Controllers\Regsosek2022))
 4 SYSTEMPATH\CodeIgniter.php(351): CodeIgniter\CodeIgniter->handleRequest(null, Object(Config\Cache), false)
 5 FCPATH\index.php(67): CodeIgniter\CodeIgniter->run()
 6 SYSTEMPATH\Commands\Server\rewrite.php(46): require_once('FCPATH\\index.php')
CRITICAL - 2022-12-17 06:56:45 --> Trying to access array offset on value of type null
in APPPATH\Controllers\Regsosek2022.php on line 134.
 1 APPPATH\Controllers\Regsosek2022.php(134): CodeIgniter\Debug\Exceptions->errorHandler(2, 'Trying to access array offset on value of type null', 'APPPATH\\Controllers\\Regsosek2022.php', 134)
 2 SYSTEMPATH\CodeIgniter.php(927): App\Controllers\Regsosek2022->dokumenerror()
 3 SYSTEMPATH\CodeIgniter.php(482): CodeIgniter\CodeIgniter->runController(Object(App\Controllers\Regsosek2022))
 4 SYSTEMPATH\CodeIgniter.php(351): CodeIgniter\CodeIgniter->handleRequest(null, Object(Config\Cache), false)
 5 FCPATH\index.php(67): CodeIgniter\CodeIgniter->run()
 6 SYSTEMPATH\Commands\Server\rewrite.php(46): require_once('FCPATH\\index.php')
CRITICAL - 2022-12-17 06:56:53 --> Trying to access array offset on value of type null
in APPPATH\Controllers\Regsosek2022.php on line 134.
 1 APPPATH\Controllers\Regsosek2022.php(134): CodeIgniter\Debug\Exceptions->errorHandler(2, 'Trying to access array offset on value of type null', 'APPPATH\\Controllers\\Regsosek2022.php', 134)
 2 SYSTEMPATH\CodeIgniter.php(927): App\Controllers\Regsosek2022->dokumenerror()
 3 SYSTEMPATH\CodeIgniter.php(482): CodeIgniter\CodeIgniter->runController(Object(App\Controllers\Regsosek2022))
 4 SYSTEMPATH\CodeIgniter.php(351): CodeIgniter\CodeIgniter->handleRequest(null, Object(Config\Cache), false)
 5 FCPATH\index.php(67): CodeIgniter\CodeIgniter->run()
 6 SYSTEMPATH\Commands\Server\rewrite.php(46): require_once('FCPATH\\index.php')
CRITICAL - 2022-12-17 06:58:14 --> Trying to access array offset on value of type null
in APPPATH\Controllers\Regsosek2022.php on line 135.
 1 APPPATH\Controllers\Regsosek2022.php(135): CodeIgniter\Debug\Exceptions->errorHandler(2, 'Trying to access array offset on value of type null', 'APPPATH\\Controllers\\Regsosek2022.php', 135)
 2 SYSTEMPATH\CodeIgniter.php(927): App\Controllers\Regsosek2022->dokumenerror()
 3 SYSTEMPATH\CodeIgniter.php(482): CodeIgniter\CodeIgniter->runController(Object(App\Controllers\Regsosek2022))
 4 SYSTEMPATH\CodeIgniter.php(351): CodeIgniter\CodeIgniter->handleRequest(null, Object(Config\Cache), false)
 5 FCPATH\index.php(67): CodeIgniter\CodeIgniter->run()
 6 SYSTEMPATH\Commands\Server\rewrite.php(46): require_once('FCPATH\\index.php')
CRITICAL - 2022-12-17 06:59:49 --> Trying to access array offset on value of type null
in APPPATH\Controllers\Regsosek2022.php on line 132.
 1 APPPATH\Controllers\Regsosek2022.php(132): CodeIgniter\Debug\Exceptions->errorHandler(2, 'Trying to access array offset on value of type null', 'APPPATH\\Controllers\\Regsosek2022.php', 132)
 2 SYSTEMPATH\CodeIgniter.php(927): App\Controllers\Regsosek2022->dokumenerror()
 3 SYSTEMPATH\CodeIgniter.php(482): CodeIgniter\CodeIgniter->runController(Object(App\Controllers\Regsosek2022))
 4 SYSTEMPATH\CodeIgniter.php(351): CodeIgniter\CodeIgniter->handleRequest(null, Object(Config\Cache), false)
 5 FCPATH\index.php(67): CodeIgniter\CodeIgniter->run()
 6 SYSTEMPATH\Commands\Server\rewrite.php(46): require_once('FCPATH\\index.php')
CRITICAL - 2022-12-17 07:00:17 --> Cannot use object of type stdClass as array
in APPPATH\Controllers\Regsosek2022.php on line 135.
 1 SYSTEMPATH\CodeIgniter.php(927): App\Controllers\Regsosek2022->dokumenerror()
 2 SYSTEMPATH\CodeIgniter.php(482): CodeIgniter\CodeIgniter->runController(Object(App\Controllers\Regsosek2022))
 3 SYSTEMPATH\CodeIgniter.php(351): CodeIgniter\CodeIgniter->handleRequest(null, Object(Config\Cache), false)
 4 FCPATH\index.php(67): CodeIgniter\CodeIgniter->run()
 5 SYSTEMPATH\Commands\Server\rewrite.php(46): require_once('FCPATH\\index.php')
CRITICAL - 2022-12-17 07:01:00 --> Cannot use object of type stdClass as array
in APPPATH\Controllers\Regsosek2022.php on line 136.
 1 SYSTEMPATH\CodeIgniter.php(927): App\Controllers\Regsosek2022->dokumenerror()
 2 SYSTEMPATH\CodeIgniter.php(482): CodeIgniter\CodeIgniter->runController(Object(App\Controllers\Regsosek2022))
 3 SYSTEMPATH\CodeIgniter.php(351): CodeIgniter\CodeIgniter->handleRequest(null, Object(Config\Cache), false)
 4 FCPATH\index.php(67): CodeIgniter\CodeIgniter->run()
 5 SYSTEMPATH\Commands\Server\rewrite.php(46): require_once('FCPATH\\index.php')
CRITICAL - 2022-12-17 07:02:14 --> Cannot use object of type stdClass as array
in APPPATH\Controllers\Regsosek2022.php on line 136.
 1 SYSTEMPATH\CodeIgniter.php(927): App\Controllers\Regsosek2022->dokumenerror()
 2 SYSTEMPATH\CodeIgniter.php(482): CodeIgniter\CodeIgniter->runController(Object(App\Controllers\Regsosek2022))
 3 SYSTEMPATH\CodeIgniter.php(351): CodeIgniter\CodeIgniter->handleRequest(null, Object(Config\Cache), false)
 4 FCPATH\index.php(67): CodeIgniter\CodeIgniter->run()
 5 SYSTEMPATH\Commands\Server\rewrite.php(46): require_once('FCPATH\\index.php')
CRITICAL - 2022-12-17 07:03:30 --> Undefined array key "rt"
in APPPATH\Views\regsosek2022\dokumenerror.php on line 33.
 1 APPPATH\Views\regsosek2022\dokumenerror.php(33): CodeIgniter\Debug\Exceptions->errorHandler(2, 'Undefined array key "rt"', 'APPPATH\\Views\\regsosek2022\\dokumenerror.php', 33)
 2 SYSTEMPATH\View\View.php(213): include('APPPATH\\Views\\regsosek2022\\dokumenerror.php')
 3 SYSTEMPATH\View\View.php(216): CodeIgniter\View\View->CodeIgniter\View\{closure}()
 4 SYSTEMPATH\Common.php(1134): CodeIgniter\View\View->render('regsosek2022/dokumenerror', [], true)
 5 APPPATH\Controllers\Regsosek2022.php(154): view('regsosek2022/dokumenerror', [...])
 6 SYSTEMPATH\CodeIgniter.php(927): App\Controllers\Regsosek2022->dokumenerror()
 7 SYSTEMPATH\CodeIgniter.php(482): CodeIgniter\CodeIgniter->runController(Object(App\Controllers\Regsosek2022))
 8 SYSTEMPATH\CodeIgniter.php(351): CodeIgniter\CodeIgniter->handleRequest(null, Object(Config\Cache), false)
 9 FCPATH\index.php(67): CodeIgniter\CodeIgniter->run()
10 SYSTEMPATH\Commands\Server\rewrite.php(46): require_once('FCPATH\\index.php')
CRITICAL - 2022-12-17 19:55:43 --> Undefined variable $dokumenerror
in APPPATH\Views\regsosek2022\dokumenerrorlihat.php on line 31.
 1 APPPATH\Views\regsosek2022\dokumenerrorlihat.php(31): CodeIgniter\Debug\Exceptions->errorHandler(2, 'Undefined variable $dokumenerror', 'APPPATH\\Views\\regsosek2022\\dokumenerrorlihat.php', 31)
 2 SYSTEMPATH\View\View.php(213): include('APPPATH\\Views\\regsosek2022\\dokumenerrorlihat.php')
 3 SYSTEMPATH\View\View.php(216): CodeIgniter\View\View->CodeIgniter\View\{closure}()
 4 SYSTEMPATH\Common.php(1134): CodeIgniter\View\View->render('regsosek2022/dokumenerrorlihat', [], true)
 5 APPPATH\Controllers\Regsosek2022.php(179): view('regsosek2022/dokumenerrorlihat')
 6 SYSTEMPATH\CodeIgniter.php(927): App\Controllers\Regsosek2022->dokumenerrorlihat('1206030004000400', '71')
 7 SYSTEMPATH\CodeIgniter.php(482): CodeIgniter\CodeIgniter->runController(Object(App\Controllers\Regsosek2022))
 8 SYSTEMPATH\CodeIgniter.php(351): CodeIgniter\CodeIgniter->handleRequest(null, Object(Config\Cache), false)
 9 FCPATH\index.php(67): CodeIgniter\CodeIgniter->run()
10 SYSTEMPATH\Commands\Server\rewrite.php(46): require_once('FCPATH\\index.php')
CRITICAL - 2022-12-17 19:58:39 --> Invalid file: regsosek2022/arusdokumen/1206030004000400.php
in SYSTEMPATH\Exceptions\FrameworkException.php on line 33.
 1 SYSTEMPATH\View\View.php(201): CodeIgniter\Exceptions\FrameworkException::forInvalidFile('regsosek2022/arusdokumen/1206030004000400.php')
 2 SYSTEMPATH\Common.php(1134): CodeIgniter\View\View->render('regsosek2022/arusdokumen/1206030004000400', [], true)
 3 APPPATH\Controllers\Regsosek2022.php(179): view('regsosek2022/arusdokumen/1206030004000400')
 4 SYSTEMPATH\CodeIgniter.php(927): App\Controllers\Regsosek2022->dokumenerrorlihat('1206030004000400', '71')
 5 SYSTEMPATH\CodeIgniter.php(482): CodeIgniter\CodeIgniter->runController(Object(App\Controllers\Regsosek2022))
 6 SYSTEMPATH\CodeIgniter.php(351): CodeIgniter\CodeIgniter->handleRequest(null, Object(Config\Cache), false)
 7 FCPATH\index.php(67): CodeIgniter\CodeIgniter->run()
 8 SYSTEMPATH\Commands\Server\rewrite.php(46): require_once('FCPATH\\index.php')
CRITICAL - 2022-12-17 19:59:11 --> Invalid file: regsosek2022/arusdokumen/1206030004000400.php
in SYSTEMPATH\Exceptions\FrameworkException.php on line 33.
 1 SYSTEMPATH\View\View.php(201): CodeIgniter\Exceptions\FrameworkException::forInvalidFile('regsosek2022/arusdokumen/1206030004000400.php')
 2 SYSTEMPATH\Common.php(1134): CodeIgniter\View\View->render('regsosek2022/arusdokumen/1206030004000400', [], true)
 3 APPPATH\Controllers\Regsosek2022.php(179): view('regsosek2022/arusdokumen/1206030004000400')
 4 SYSTEMPATH\CodeIgniter.php(927): App\Controllers\Regsosek2022->dokumenerrorlihat('1206030004000400', '71')
 5 SYSTEMPATH\CodeIgniter.php(482): CodeIgniter\CodeIgniter->runController(Object(App\Controllers\Regsosek2022))
 6 SYSTEMPATH\CodeIgniter.php(351): CodeIgniter\CodeIgniter->handleRequest(null, Object(Config\Cache), false)
 7 FCPATH\index.php(67): CodeIgniter\CodeIgniter->run()
 8 SYSTEMPATH\Commands\Server\rewrite.php(46): require_once('FCPATH\\index.php')
CRITICAL - 2022-12-17 19:59:47 --> Undefined variable $arusdokumen
in APPPATH\Views\regsosek2022\arusdokumen.php on line 30.
 1 APPPATH\Views\regsosek2022\arusdokumen.php(30): CodeIgniter\Debug\Exceptions->errorHandler(2, 'Undefined variable $arusdokumen', 'APPPATH\\Views\\regsosek2022\\arusdokumen.php', 30)
 2 SYSTEMPATH\View\View.php(213): include('APPPATH\\Views\\regsosek2022\\arusdokumen.php')
 3 SYSTEMPATH\View\View.php(216): CodeIgniter\View\View->CodeIgniter\View\{closure}()
 4 SYSTEMPATH\Common.php(1134): CodeIgniter\View\View->render('regsosek2022/arusdokumen', [], true)
 5 APPPATH\Controllers\Regsosek2022.php(179): view('regsosek2022/arusdokumen')
 6 SYSTEMPATH\CodeIgniter.php(927): App\Controllers\Regsosek2022->dokumenerrorlihat('1206030004000400', '71')
 7 SYSTEMPATH\CodeIgniter.php(482): CodeIgniter\CodeIgniter->runController(Object(App\Controllers\Regsosek2022))
 8 SYSTEMPATH\CodeIgniter.php(351): CodeIgniter\CodeIgniter->handleRequest(null, Object(Config\Cache), false)
 9 FCPATH\index.php(67): CodeIgniter\CodeIgniter->run()
10 SYSTEMPATH\Commands\Server\rewrite.php(46): require_once('FCPATH\\index.php')
CRITICAL - 2022-12-17 20:03:32 --> Invalid file: regsosek2022/arusdokumen/.php
in SYSTEMPATH\Exceptions\FrameworkException.php on line 33.
 1 SYSTEMPATH\View\View.php(201): CodeIgniter\Exceptions\FrameworkException::forInvalidFile('regsosek2022/arusdokumen/.php')
 2 SYSTEMPATH\Common.php(1134): CodeIgniter\View\View->render('regsosek2022/arusdokumen/', [], true)
 3 APPPATH\Controllers\Regsosek2022.php(183): view('regsosek2022/arusdokumen/', [...])
 4 SYSTEMPATH\CodeIgniter.php(927): App\Controllers\Regsosek2022->dokumenerrorlihat('1206030004000400', '71')
 5 SYSTEMPATH\CodeIgniter.php(482): CodeIgniter\CodeIgniter->runController(Object(App\Controllers\Regsosek2022))
 6 SYSTEMPATH\CodeIgniter.php(351): CodeIgniter\CodeIgniter->handleRequest(null, Object(Config\Cache), false)
 7 FCPATH\index.php(67): CodeIgniter\CodeIgniter->run()
 8 SYSTEMPATH\Commands\Server\rewrite.php(46): require_once('FCPATH\\index.php')
CRITICAL - 2022-12-17 20:31:30 --> Undefined array key "diterima_ipds"
in APPPATH\Views\regsosek2022\dokumenerroredit.php on line 68.
 1 APPPATH\Views\regsosek2022\dokumenerroredit.php(68): CodeIgniter\Debug\Exceptions->errorHandler(2, 'Undefined array key "diterima_ipds"', 'APPPATH\\Views\\regsosek2022\\dokumenerroredit.php', 68)
 2 SYSTEMPATH\View\View.php(213): include('APPPATH\\Views\\regsosek2022\\dokumenerroredit.php')
 3 SYSTEMPATH\View\View.php(216): CodeIgniter\View\View->CodeIgniter\View\{closure}()
 4 SYSTEMPATH\Common.php(1134): CodeIgniter\View\View->render('regsosek2022/dokumenerroredit', [], true)
 5 APPPATH\Controllers\Regsosek2022.php(188): view('regsosek2022/dokumenerroredit', [...])
 6 SYSTEMPATH\CodeIgniter.php(927): App\Controllers\Regsosek2022->dokumenerrorlihat('1206030006000100', '891')
 7 SYSTEMPATH\CodeIgniter.php(482): CodeIgniter\CodeIgniter->runController(Object(App\Controllers\Regsosek2022))
 8 SYSTEMPATH\CodeIgniter.php(351): CodeIgniter\CodeIgniter->handleRequest(null, Object(Config\Cache), false)
 9 FCPATH\index.php(67): CodeIgniter\CodeIgniter->run()
10 SYSTEMPATH\Commands\Server\rewrite.php(46): require_once('FCPATH\\index.php')
