CRITICAL - 2022-12-25 03:17:01 --> Undefined property: App\Controllers\Regsosek2022::$absensi
in APPPATH\Controllers\Regsosek2022.php on line 43.
 1 APPPATH\Controllers\Regsosek2022.php(43): CodeIgniter\Debug\Exceptions->errorHandler(2, 'Undefined property: App\\Controllers\\Regsosek2022::$absensi', 'APPPATH\\Controllers\\Regsosek2022.php', 43)
 2 SYSTEMPATH\CodeIgniter.php(927): App\Controllers\Regsosek2022->absensi()
 3 SYSTEMPATH\CodeIgniter.php(482): CodeIgniter\CodeIgniter->runController(Object(App\Controllers\Regsosek2022))
 4 SYSTEMPATH\CodeIgniter.php(351): CodeIgniter\CodeIgniter->handleRequest(null, Object(Config\Cache), false)
 5 FCPATH\index.php(67): CodeIgniter\CodeIgniter->run()
 6 SYSTEMPATH\Commands\Server\rewrite.php(46): require_once('FCPATH\\index.php')
CRITICAL - 2022-12-25 03:19:39 --> Undefined variable $kehadiran
in APPPATH\Views\regsosek2022\absensi.php on line 27.
 1 APPPATH\Views\regsosek2022\absensi.php(27): CodeIgniter\Debug\Exceptions->errorHandler(2, 'Undefined variable $kehadiran', 'APPPATH\\Views\\regsosek2022\\absensi.php', 27)
 2 SYSTEMPATH\View\View.php(213): include('APPPATH\\Views\\regsosek2022\\absensi.php')
 3 SYSTEMPATH\View\View.php(216): CodeIgniter\View\View->CodeIgniter\View\{closure}()
 4 SYSTEMPATH\Common.php(1134): CodeIgniter\View\View->render('regsosek2022/absensi', [], true)
 5 APPPATH\Controllers\Regsosek2022.php(51): view('regsosek2022/absensi')
 6 SYSTEMPATH\CodeIgniter.php(927): App\Controllers\Regsosek2022->absensi()
 7 SYSTEMPATH\CodeIgniter.php(482): CodeIgniter\CodeIgniter->runController(Object(App\Controllers\Regsosek2022))
 8 SYSTEMPATH\CodeIgniter.php(351): CodeIgniter\CodeIgniter->handleRequest(null, Object(Config\Cache), false)
 9 FCPATH\index.php(67): CodeIgniter\CodeIgniter->run()
10 SYSTEMPATH\Commands\Server\rewrite.php(46): require_once('FCPATH\\index.php')
CRITICAL - 2022-12-25 03:23:18 --> Undefined variable $nama
in APPPATH\Views\templates\sidebar.php on line 16.
 1 APPPATH\Views\templates\sidebar.php(16): CodeIgniter\Debug\Exceptions->errorHandler(2, 'Undefined variable $nama', 'APPPATH\\Views\\templates\\sidebar.php', 16)
 2 SYSTEMPATH\View\View.php(213): include('APPPATH\\Views\\templates\\sidebar.php')
 3 SYSTEMPATH\View\View.php(216): CodeIgniter\View\View->CodeIgniter\View\{closure}()
 4 SYSTEMPATH\Common.php(1134): CodeIgniter\View\View->render('templates/sidebar', [], true)
 5 APPPATH\Controllers\Regsosek2022.php(69): view('templates/sidebar')
 6 SYSTEMPATH\CodeIgniter.php(927): App\Controllers\Regsosek2022->arusdokumen()
 7 SYSTEMPATH\CodeIgniter.php(482): CodeIgniter\CodeIgniter->runController(Object(App\Controllers\Regsosek2022))
 8 SYSTEMPATH\CodeIgniter.php(351): CodeIgniter\CodeIgniter->handleRequest(null, Object(Config\Cache), false)
 9 FCPATH\index.php(67): CodeIgniter\CodeIgniter->run()
10 SYSTEMPATH\Commands\Server\rewrite.php(46): require_once('FCPATH\\index.php')
CRITICAL - 2022-12-25 03:23:35 --> Undefined variable $nama
in APPPATH\Views\templates\sidebar.php on line 16.
 1 APPPATH\Views\templates\sidebar.php(16): CodeIgniter\Debug\Exceptions->errorHandler(2, 'Undefined variable $nama', 'APPPATH\\Views\\templates\\sidebar.php', 16)
 2 SYSTEMPATH\View\View.php(213): include('APPPATH\\Views\\templates\\sidebar.php')
 3 SYSTEMPATH\View\View.php(216): CodeIgniter\View\View->CodeIgniter\View\{closure}()
 4 SYSTEMPATH\Common.php(1134): CodeIgniter\View\View->render('templates/sidebar', [], true)
 5 APPPATH\Controllers\Regsosek2022.php(70): view('templates/sidebar')
 6 SYSTEMPATH\CodeIgniter.php(927): App\Controllers\Regsosek2022->arusdokumen()
 7 SYSTEMPATH\CodeIgniter.php(482): CodeIgniter\CodeIgniter->runController(Object(App\Controllers\Regsosek2022))
 8 SYSTEMPATH\CodeIgniter.php(351): CodeIgniter\CodeIgniter->handleRequest(null, Object(Config\Cache), false)
 9 FCPATH\index.php(67): CodeIgniter\CodeIgniter->run()
10 SYSTEMPATH\Commands\Server\rewrite.php(46): require_once('FCPATH\\index.php')
CRITICAL - 2022-12-25 03:23:39 --> Undefined variable $nama
in APPPATH\Views\templates\sidebar.php on line 16.
 1 APPPATH\Views\templates\sidebar.php(16): CodeIgniter\Debug\Exceptions->errorHandler(2, 'Undefined variable $nama', 'APPPATH\\Views\\templates\\sidebar.php', 16)
 2 SYSTEMPATH\View\View.php(213): include('APPPATH\\Views\\templates\\sidebar.php')
 3 SYSTEMPATH\View\View.php(216): CodeIgniter\View\View->CodeIgniter\View\{closure}()
 4 SYSTEMPATH\Common.php(1134): CodeIgniter\View\View->render('templates/sidebar', [], true)
 5 APPPATH\Controllers\Regsosek2022.php(70): view('templates/sidebar')
 6 SYSTEMPATH\CodeIgniter.php(927): App\Controllers\Regsosek2022->arusdokumen()
 7 SYSTEMPATH\CodeIgniter.php(482): CodeIgniter\CodeIgniter->runController(Object(App\Controllers\Regsosek2022))
 8 SYSTEMPATH\CodeIgniter.php(351): CodeIgniter\CodeIgniter->handleRequest(null, Object(Config\Cache), false)
 9 FCPATH\index.php(67): CodeIgniter\CodeIgniter->run()
10 SYSTEMPATH\Commands\Server\rewrite.php(46): require_once('FCPATH\\index.php')
CRITICAL - 2022-12-25 03:23:42 --> Undefined variable $nama
in APPPATH\Views\templates\sidebar.php on line 16.
 1 APPPATH\Views\templates\sidebar.php(16): CodeIgniter\Debug\Exceptions->errorHandler(2, 'Undefined variable $nama', 'APPPATH\\Views\\templates\\sidebar.php', 16)
 2 SYSTEMPATH\View\View.php(213): include('APPPATH\\Views\\templates\\sidebar.php')
 3 SYSTEMPATH\View\View.php(216): CodeIgniter\View\View->CodeIgniter\View\{closure}()
 4 SYSTEMPATH\Common.php(1134): CodeIgniter\View\View->render('templates/sidebar', [], true)
 5 APPPATH\Controllers\Regsosek2022.php(70): view('templates/sidebar')
 6 SYSTEMPATH\CodeIgniter.php(927): App\Controllers\Regsosek2022->arusdokumen()
 7 SYSTEMPATH\CodeIgniter.php(482): CodeIgniter\CodeIgniter->runController(Object(App\Controllers\Regsosek2022))
 8 SYSTEMPATH\CodeIgniter.php(351): CodeIgniter\CodeIgniter->handleRequest(null, Object(Config\Cache), false)
 9 FCPATH\index.php(67): CodeIgniter\CodeIgniter->run()
10 SYSTEMPATH\Commands\Server\rewrite.php(46): require_once('FCPATH\\index.php')
CRITICAL - 2022-12-25 04:05:07 --> Array to string conversion
in APPPATH\Controllers\Regsosek2022.php on line 46.
 1 APPPATH\Controllers\Regsosek2022.php(46): CodeIgniter\Debug\Exceptions->errorHandler(2, 'Array to string conversion', 'APPPATH\\Controllers\\Regsosek2022.php', 46)
 2 SYSTEMPATH\CodeIgniter.php(927): App\Controllers\Regsosek2022->index()
 3 SYSTEMPATH\CodeIgniter.php(482): CodeIgniter\CodeIgniter->runController(Object(App\Controllers\Regsosek2022))
 4 SYSTEMPATH\CodeIgniter.php(351): CodeIgniter\CodeIgniter->handleRequest(null, Object(Config\Cache), false)
 5 FCPATH\index.php(67): CodeIgniter\CodeIgniter->run()
 6 SYSTEMPATH\Commands\Server\rewrite.php(46): require_once('FCPATH\\index.php')
CRITICAL - 2022-12-25 04:05:49 --> Array to string conversion
in APPPATH\Controllers\Regsosek2022.php on line 46.
 1 APPPATH\Controllers\Regsosek2022.php(46): CodeIgniter\Debug\Exceptions->errorHandler(2, 'Array to string conversion', 'APPPATH\\Controllers\\Regsosek2022.php', 46)
 2 SYSTEMPATH\CodeIgniter.php(927): App\Controllers\Regsosek2022->index()
 3 SYSTEMPATH\CodeIgniter.php(482): CodeIgniter\CodeIgniter->runController(Object(App\Controllers\Regsosek2022))
 4 SYSTEMPATH\CodeIgniter.php(351): CodeIgniter\CodeIgniter->handleRequest(null, Object(Config\Cache), false)
 5 FCPATH\index.php(67): CodeIgniter\CodeIgniter->run()
 6 SYSTEMPATH\Commands\Server\rewrite.php(46): require_once('FCPATH\\index.php')
CRITICAL - 2022-12-25 05:44:16 --> Undefined variable $p
in APPPATH\Views\regsosek2022\index.php on line 65.
 1 APPPATH\Views\regsosek2022\index.php(65): CodeIgniter\Debug\Exceptions->errorHandler(2, 'Undefined variable $p', 'APPPATH\\Views\\regsosek2022\\index.php', 65)
 2 SYSTEMPATH\View\View.php(213): include('APPPATH\\Views\\regsosek2022\\index.php')
 3 SYSTEMPATH\View\View.php(216): CodeIgniter\View\View->CodeIgniter\View\{closure}()
 4 SYSTEMPATH\Common.php(1134): CodeIgniter\View\View->render('regsosek2022/index', [], true)
 5 APPPATH\Controllers\Regsosek2022.php(94): view('regsosek2022/index', [...])
 6 SYSTEMPATH\CodeIgniter.php(927): App\Controllers\Regsosek2022->index()
 7 SYSTEMPATH\CodeIgniter.php(482): CodeIgniter\CodeIgniter->runController(Object(App\Controllers\Regsosek2022))
 8 SYSTEMPATH\CodeIgniter.php(351): CodeIgniter\CodeIgniter->handleRequest(null, Object(Config\Cache), false)
 9 FCPATH\index.php(67): CodeIgniter\CodeIgniter->run()
10 SYSTEMPATH\Commands\Server\rewrite.php(46): require_once('FCPATH\\index.php')
CRITICAL - 2022-12-25 05:44:38 --> Undefined variable $diterima_mitra_ipds
in APPPATH\Views\regsosek2022\index.php on line 81.
 1 APPPATH\Views\regsosek2022\index.php(81): CodeIgniter\Debug\Exceptions->errorHandler(2, 'Undefined variable $diterima_mitra_ipds', 'APPPATH\\Views\\regsosek2022\\index.php', 81)
 2 SYSTEMPATH\View\View.php(213): include('APPPATH\\Views\\regsosek2022\\index.php')
 3 SYSTEMPATH\View\View.php(216): CodeIgniter\View\View->CodeIgniter\View\{closure}()
 4 SYSTEMPATH\Common.php(1134): CodeIgniter\View\View->render('regsosek2022/index', [], true)
 5 APPPATH\Controllers\Regsosek2022.php(94): view('regsosek2022/index', [...])
 6 SYSTEMPATH\CodeIgniter.php(927): App\Controllers\Regsosek2022->index()
 7 SYSTEMPATH\CodeIgniter.php(482): CodeIgniter\CodeIgniter->runController(Object(App\Controllers\Regsosek2022))
 8 SYSTEMPATH\CodeIgniter.php(351): CodeIgniter\CodeIgniter->handleRequest(null, Object(Config\Cache), false)
 9 FCPATH\index.php(67): CodeIgniter\CodeIgniter->run()
10 SYSTEMPATH\Commands\Server\rewrite.php(46): require_once('FCPATH\\index.php')
CRITICAL - 2022-12-25 06:36:52 --> Undefined variable $nama
in APPPATH\Views\templates\sidebar.php on line 16.
 1 APPPATH\Views\templates\sidebar.php(16): CodeIgniter\Debug\Exceptions->errorHandler(2, 'Undefined variable $nama', 'APPPATH\\Views\\templates\\sidebar.php', 16)
 2 SYSTEMPATH\View\View.php(213): include('APPPATH\\Views\\templates\\sidebar.php')
 3 SYSTEMPATH\View\View.php(216): CodeIgniter\View\View->CodeIgniter\View\{closure}()
 4 SYSTEMPATH\Common.php(1134): CodeIgniter\View\View->render('templates/sidebar', [], true)
 5 APPPATH\Controllers\Mitra.php(30): view('templates/sidebar')
 6 SYSTEMPATH\CodeIgniter.php(927): App\Controllers\Mitra->index()
 7 SYSTEMPATH\CodeIgniter.php(482): CodeIgniter\CodeIgniter->runController(Object(App\Controllers\Mitra))
 8 SYSTEMPATH\CodeIgniter.php(351): CodeIgniter\CodeIgniter->handleRequest(null, Object(Config\Cache), false)
 9 FCPATH\index.php(67): CodeIgniter\CodeIgniter->run()
10 SYSTEMPATH\Commands\Server\rewrite.php(46): require_once('FCPATH\\index.php')
CRITICAL - 2022-12-25 06:37:26 --> Undefined variable $nama
in APPPATH\Views\templates\sidebar.php on line 16.
 1 APPPATH\Views\templates\sidebar.php(16): CodeIgniter\Debug\Exceptions->errorHandler(2, 'Undefined variable $nama', 'APPPATH\\Views\\templates\\sidebar.php', 16)
 2 SYSTEMPATH\View\View.php(213): include('APPPATH\\Views\\templates\\sidebar.php')
 3 SYSTEMPATH\View\View.php(216): CodeIgniter\View\View->CodeIgniter\View\{closure}()
 4 SYSTEMPATH\Common.php(1134): CodeIgniter\View\View->render('templates/sidebar', [], true)
 5 APPPATH\Controllers\Mitra.php(30): view('templates/sidebar')
 6 SYSTEMPATH\CodeIgniter.php(927): App\Controllers\Mitra->index()
 7 SYSTEMPATH\CodeIgniter.php(482): CodeIgniter\CodeIgniter->runController(Object(App\Controllers\Mitra))
 8 SYSTEMPATH\CodeIgniter.php(351): CodeIgniter\CodeIgniter->handleRequest(null, Object(Config\Cache), false)
 9 FCPATH\index.php(67): CodeIgniter\CodeIgniter->run()
10 SYSTEMPATH\Commands\Server\rewrite.php(46): require_once('FCPATH\\index.php')
