CRITICAL - 2022-12-16 06:16:58 --> Class "Locale" not found
in SYSTEMPATH\CodeIgniter.php on line 186.
 1 ROOTPATH\spark(83): CodeIgniter\CodeIgniter->initialize()
CRITICAL - 2022-12-16 06:17:10 --> Class "Locale" not found
in SYSTEMPATH\CodeIgniter.php on line 186.
 1 ROOTPATH\spark(83): CodeIgniter\CodeIgniter->initialize()
CRITICAL - 2022-12-16 00:18:56 --> syntax error, unexpected token "return"
in APPPATH\Controllers\Mitra.php on line 50.
 1 SYSTEMPATH\Autoloader\Autoloader.php(259): CodeIgniter\Autoloader\Autoloader->includeFile('APPPATH\\Controllers\\Mitra.php')
 2 SYSTEMPATH\Autoloader\Autoloader.php(237): CodeIgniter\Autoloader\Autoloader->loadInNamespace('App\\Controllers\\Mitra')
 3 [internal function]: CodeIgniter\Autoloader\Autoloader->loadClass('App\\Controllers\\Mitra')
 4 SYSTEMPATH\CodeIgniter.php(877): class_exists('\\App\\Controllers\\Mitra', true)
 5 SYSTEMPATH\CodeIgniter.php(469): CodeIgniter\CodeIgniter->startController()
 6 SYSTEMPATH\CodeIgniter.php(351): CodeIgniter\CodeIgniter->handleRequest(null, Object(Config\Cache), false)
 7 FCPATH\index.php(67): CodeIgniter\CodeIgniter->run()
 8 SYSTEMPATH\Commands\Server\rewrite.php(46): require_once('FCPATH\\index.php')
CRITICAL - 2022-12-16 00:29:04 --> Undefined variable $mitra
in APPPATH\Views\mitra\index.php on line 17.
 1 APPPATH\Views\mitra\index.php(17): CodeIgniter\Debug\Exceptions->errorHandler(2, 'Undefined variable $mitra', 'APPPATH\\Views\\mitra\\index.php', 17)
 2 SYSTEMPATH\View\View.php(213): include('APPPATH\\Views\\mitra\\index.php')
 3 SYSTEMPATH\View\View.php(216): CodeIgniter\View\View->CodeIgniter\View\{closure}()
 4 SYSTEMPATH\Common.php(1134): CodeIgniter\View\View->render('mitra/index', [], true)
 5 APPPATH\Controllers\Mitra.php(29): view('mitra/index')
 6 SYSTEMPATH\CodeIgniter.php(927): App\Controllers\Mitra->index()
 7 SYSTEMPATH\CodeIgniter.php(482): CodeIgniter\CodeIgniter->runController(Object(App\Controllers\Mitra))
 8 SYSTEMPATH\CodeIgniter.php(351): CodeIgniter\CodeIgniter->handleRequest(null, Object(Config\Cache), false)
 9 FCPATH\index.php(67): CodeIgniter\CodeIgniter->run()
10 SYSTEMPATH\Commands\Server\rewrite.php(46): require_once('FCPATH\\index.php')
CRITICAL - 2022-12-16 00:29:15 --> Object of class stdClass could not be converted to string
in APPPATH\Views\mitra\index.php on line 17.
 1 SYSTEMPATH\View\View.php(213): include()
 2 SYSTEMPATH\View\View.php(216): CodeIgniter\View\View->CodeIgniter\View\{closure}()
 3 SYSTEMPATH\Common.php(1134): CodeIgniter\View\View->render('mitra/index', [], true)
 4 APPPATH\Controllers\Mitra.php(29): view('mitra/index')
 5 SYSTEMPATH\CodeIgniter.php(927): App\Controllers\Mitra->index()
 6 SYSTEMPATH\CodeIgniter.php(482): CodeIgniter\CodeIgniter->runController(Object(App\Controllers\Mitra))
 7 SYSTEMPATH\CodeIgniter.php(351): CodeIgniter\CodeIgniter->handleRequest(null, Object(Config\Cache), false)
 8 FCPATH\index.php(67): CodeIgniter\CodeIgniter->run()
 9 SYSTEMPATH\Commands\Server\rewrite.php(46): require_once('FCPATH\\index.php')
CRITICAL - 2022-12-16 00:33:41 --> Array to string conversion
in APPPATH\Views\mitra\index.php on line 32.
 1 APPPATH\Views\mitra\index.php(32): CodeIgniter\Debug\Exceptions->errorHandler(2, 'Array to string conversion', 'APPPATH\\Views\\mitra\\index.php', 32)
 2 SYSTEMPATH\View\View.php(213): include('APPPATH\\Views\\mitra\\index.php')
 3 SYSTEMPATH\View\View.php(216): CodeIgniter\View\View->CodeIgniter\View\{closure}()
 4 SYSTEMPATH\Common.php(1134): CodeIgniter\View\View->render('mitra/index', [], true)
 5 APPPATH\Controllers\Mitra.php(29): view('mitra/index')
 6 SYSTEMPATH\CodeIgniter.php(927): App\Controllers\Mitra->index()
 7 SYSTEMPATH\CodeIgniter.php(482): CodeIgniter\CodeIgniter->runController(Object(App\Controllers\Mitra))
 8 SYSTEMPATH\CodeIgniter.php(351): CodeIgniter\CodeIgniter->handleRequest(null, Object(Config\Cache), false)
 9 FCPATH\index.php(67): CodeIgniter\CodeIgniter->run()
10 SYSTEMPATH\Commands\Server\rewrite.php(46): require_once('FCPATH\\index.php')
CRITICAL - 2022-12-16 00:38:09 --> Undefined array key "email"
in APPPATH\Views\mitra\index.php on line 32.
 1 APPPATH\Views\mitra\index.php(32): CodeIgniter\Debug\Exceptions->errorHandler(2, 'Undefined array key "email"', 'APPPATH\\Views\\mitra\\index.php', 32)
 2 SYSTEMPATH\View\View.php(213): include('APPPATH\\Views\\mitra\\index.php')
 3 SYSTEMPATH\View\View.php(216): CodeIgniter\View\View->CodeIgniter\View\{closure}()
 4 SYSTEMPATH\Common.php(1134): CodeIgniter\View\View->render('mitra/index', [], true)
 5 APPPATH\Controllers\Mitra.php(30): view('mitra/index')
 6 SYSTEMPATH\CodeIgniter.php(927): App\Controllers\Mitra->index()
 7 SYSTEMPATH\CodeIgniter.php(482): CodeIgniter\CodeIgniter->runController(Object(App\Controllers\Mitra))
 8 SYSTEMPATH\CodeIgniter.php(351): CodeIgniter\CodeIgniter->handleRequest(null, Object(Config\Cache), false)
 9 FCPATH\index.php(67): CodeIgniter\CodeIgniter->run()
10 SYSTEMPATH\Commands\Server\rewrite.php(46): require_once('FCPATH\\index.php')
CRITICAL - 2022-12-16 01:14:13 --> Undefined array key "created_at"
in APPPATH\Views\mitra\index.php on line 37.
 1 APPPATH\Views\mitra\index.php(37): CodeIgniter\Debug\Exceptions->errorHandler(2, 'Undefined array key "created_at"', 'APPPATH\\Views\\mitra\\index.php', 37)
 2 SYSTEMPATH\View\View.php(213): include('APPPATH\\Views\\mitra\\index.php')
 3 SYSTEMPATH\View\View.php(216): CodeIgniter\View\View->CodeIgniter\View\{closure}()
 4 SYSTEMPATH\Common.php(1134): CodeIgniter\View\View->render('mitra/index', [], true)
 5 APPPATH\Controllers\Mitra.php(30): view('mitra/index')
 6 SYSTEMPATH\CodeIgniter.php(927): App\Controllers\Mitra->index()
 7 SYSTEMPATH\CodeIgniter.php(482): CodeIgniter\CodeIgniter->runController(Object(App\Controllers\Mitra))
 8 SYSTEMPATH\CodeIgniter.php(351): CodeIgniter\CodeIgniter->handleRequest(null, Object(Config\Cache), false)
 9 FCPATH\index.php(67): CodeIgniter\CodeIgniter->run()
10 SYSTEMPATH\Commands\Server\rewrite.php(46): require_once('FCPATH\\index.php')
CRITICAL - 2022-12-16 01:14:31 --> Undefined array key "created_at"
in APPPATH\Views\mitra\index.php on line 37.
 1 APPPATH\Views\mitra\index.php(37): CodeIgniter\Debug\Exceptions->errorHandler(2, 'Undefined array key "created_at"', 'APPPATH\\Views\\mitra\\index.php', 37)
 2 SYSTEMPATH\View\View.php(213): include('APPPATH\\Views\\mitra\\index.php')
 3 SYSTEMPATH\View\View.php(216): CodeIgniter\View\View->CodeIgniter\View\{closure}()
 4 SYSTEMPATH\Common.php(1134): CodeIgniter\View\View->render('mitra/index', [], true)
 5 APPPATH\Controllers\Mitra.php(30): view('mitra/index')
 6 SYSTEMPATH\CodeIgniter.php(927): App\Controllers\Mitra->index()
 7 SYSTEMPATH\CodeIgniter.php(482): CodeIgniter\CodeIgniter->runController(Object(App\Controllers\Mitra))
 8 SYSTEMPATH\CodeIgniter.php(351): CodeIgniter\CodeIgniter->handleRequest(null, Object(Config\Cache), false)
 9 FCPATH\index.php(67): CodeIgniter\CodeIgniter->run()
10 SYSTEMPATH\Commands\Server\rewrite.php(46): require_once('FCPATH\\index.php')
CRITICAL - 2022-12-16 01:15:13 --> Undefined array key "created_at"
in APPPATH\Views\mitra\index.php on line 37.
 1 APPPATH\Views\mitra\index.php(37): CodeIgniter\Debug\Exceptions->errorHandler(2, 'Undefined array key "created_at"', 'APPPATH\\Views\\mitra\\index.php', 37)
 2 SYSTEMPATH\View\View.php(213): include('APPPATH\\Views\\mitra\\index.php')
 3 SYSTEMPATH\View\View.php(216): CodeIgniter\View\View->CodeIgniter\View\{closure}()
 4 SYSTEMPATH\Common.php(1134): CodeIgniter\View\View->render('mitra/index', [], true)
 5 APPPATH\Controllers\Mitra.php(31): view('mitra/index')
 6 SYSTEMPATH\CodeIgniter.php(927): App\Controllers\Mitra->index()
 7 SYSTEMPATH\CodeIgniter.php(482): CodeIgniter\CodeIgniter->runController(Object(App\Controllers\Mitra))
 8 SYSTEMPATH\CodeIgniter.php(351): CodeIgniter\CodeIgniter->handleRequest(null, Object(Config\Cache), false)
 9 FCPATH\index.php(67): CodeIgniter\CodeIgniter->run()
10 SYSTEMPATH\Commands\Server\rewrite.php(46): require_once('FCPATH\\index.php')
CRITICAL - 2022-12-16 01:15:15 --> Undefined array key "created_at"
in APPPATH\Views\mitra\index.php on line 37.
 1 APPPATH\Views\mitra\index.php(37): CodeIgniter\Debug\Exceptions->errorHandler(2, 'Undefined array key "created_at"', 'APPPATH\\Views\\mitra\\index.php', 37)
 2 SYSTEMPATH\View\View.php(213): include('APPPATH\\Views\\mitra\\index.php')
 3 SYSTEMPATH\View\View.php(216): CodeIgniter\View\View->CodeIgniter\View\{closure}()
 4 SYSTEMPATH\Common.php(1134): CodeIgniter\View\View->render('mitra/index', [], true)
 5 APPPATH\Controllers\Mitra.php(31): view('mitra/index')
 6 SYSTEMPATH\CodeIgniter.php(927): App\Controllers\Mitra->index()
 7 SYSTEMPATH\CodeIgniter.php(482): CodeIgniter\CodeIgniter->runController(Object(App\Controllers\Mitra))
 8 SYSTEMPATH\CodeIgniter.php(351): CodeIgniter\CodeIgniter->handleRequest(null, Object(Config\Cache), false)
 9 FCPATH\index.php(67): CodeIgniter\CodeIgniter->run()
10 SYSTEMPATH\Commands\Server\rewrite.php(46): require_once('FCPATH\\index.php')
CRITICAL - 2022-12-16 01:15:23 --> Undefined array key "created_at"
in APPPATH\Views\mitra\index.php on line 37.
 1 APPPATH\Views\mitra\index.php(37): CodeIgniter\Debug\Exceptions->errorHandler(2, 'Undefined array key "created_at"', 'APPPATH\\Views\\mitra\\index.php', 37)
 2 SYSTEMPATH\View\View.php(213): include('APPPATH\\Views\\mitra\\index.php')
 3 SYSTEMPATH\View\View.php(216): CodeIgniter\View\View->CodeIgniter\View\{closure}()
 4 SYSTEMPATH\Common.php(1134): CodeIgniter\View\View->render('mitra/index', [], true)
 5 APPPATH\Controllers\Mitra.php(31): view('mitra/index')
 6 SYSTEMPATH\CodeIgniter.php(927): App\Controllers\Mitra->index()
 7 SYSTEMPATH\CodeIgniter.php(482): CodeIgniter\CodeIgniter->runController(Object(App\Controllers\Mitra))
 8 SYSTEMPATH\CodeIgniter.php(351): CodeIgniter\CodeIgniter->handleRequest(null, Object(Config\Cache), false)
 9 FCPATH\index.php(67): CodeIgniter\CodeIgniter->run()
10 SYSTEMPATH\Commands\Server\rewrite.php(46): require_once('FCPATH\\index.php')
CRITICAL - 2022-12-16 01:15:24 --> Undefined array key "created_at"
in APPPATH\Views\mitra\index.php on line 37.
 1 APPPATH\Views\mitra\index.php(37): CodeIgniter\Debug\Exceptions->errorHandler(2, 'Undefined array key "created_at"', 'APPPATH\\Views\\mitra\\index.php', 37)
 2 SYSTEMPATH\View\View.php(213): include('APPPATH\\Views\\mitra\\index.php')
 3 SYSTEMPATH\View\View.php(216): CodeIgniter\View\View->CodeIgniter\View\{closure}()
 4 SYSTEMPATH\Common.php(1134): CodeIgniter\View\View->render('mitra/index', [], true)
 5 APPPATH\Controllers\Mitra.php(31): view('mitra/index')
 6 SYSTEMPATH\CodeIgniter.php(927): App\Controllers\Mitra->index()
 7 SYSTEMPATH\CodeIgniter.php(482): CodeIgniter\CodeIgniter->runController(Object(App\Controllers\Mitra))
 8 SYSTEMPATH\CodeIgniter.php(351): CodeIgniter\CodeIgniter->handleRequest(null, Object(Config\Cache), false)
 9 FCPATH\index.php(67): CodeIgniter\CodeIgniter->run()
10 SYSTEMPATH\Commands\Server\rewrite.php(46): require_once('FCPATH\\index.php')
CRITICAL - 2022-12-16 01:15:24 --> Undefined array key "created_at"
in APPPATH\Views\mitra\index.php on line 37.
 1 APPPATH\Views\mitra\index.php(37): CodeIgniter\Debug\Exceptions->errorHandler(2, 'Undefined array key "created_at"', 'APPPATH\\Views\\mitra\\index.php', 37)
 2 SYSTEMPATH\View\View.php(213): include('APPPATH\\Views\\mitra\\index.php')
 3 SYSTEMPATH\View\View.php(216): CodeIgniter\View\View->CodeIgniter\View\{closure}()
 4 SYSTEMPATH\Common.php(1134): CodeIgniter\View\View->render('mitra/index', [], true)
 5 APPPATH\Controllers\Mitra.php(31): view('mitra/index')
 6 SYSTEMPATH\CodeIgniter.php(927): App\Controllers\Mitra->index()
 7 SYSTEMPATH\CodeIgniter.php(482): CodeIgniter\CodeIgniter->runController(Object(App\Controllers\Mitra))
 8 SYSTEMPATH\CodeIgniter.php(351): CodeIgniter\CodeIgniter->handleRequest(null, Object(Config\Cache), false)
 9 FCPATH\index.php(67): CodeIgniter\CodeIgniter->run()
10 SYSTEMPATH\Commands\Server\rewrite.php(46): require_once('FCPATH\\index.php')
CRITICAL - 2022-12-16 01:15:25 --> Undefined array key "created_at"
in APPPATH\Views\mitra\index.php on line 37.
 1 APPPATH\Views\mitra\index.php(37): CodeIgniter\Debug\Exceptions->errorHandler(2, 'Undefined array key "created_at"', 'APPPATH\\Views\\mitra\\index.php', 37)
 2 SYSTEMPATH\View\View.php(213): include('APPPATH\\Views\\mitra\\index.php')
 3 SYSTEMPATH\View\View.php(216): CodeIgniter\View\View->CodeIgniter\View\{closure}()
 4 SYSTEMPATH\Common.php(1134): CodeIgniter\View\View->render('mitra/index', [], true)
 5 APPPATH\Controllers\Mitra.php(31): view('mitra/index')
 6 SYSTEMPATH\CodeIgniter.php(927): App\Controllers\Mitra->index()
 7 SYSTEMPATH\CodeIgniter.php(482): CodeIgniter\CodeIgniter->runController(Object(App\Controllers\Mitra))
 8 SYSTEMPATH\CodeIgniter.php(351): CodeIgniter\CodeIgniter->handleRequest(null, Object(Config\Cache), false)
 9 FCPATH\index.php(67): CodeIgniter\CodeIgniter->run()
10 SYSTEMPATH\Commands\Server\rewrite.php(46): require_once('FCPATH\\index.php')
CRITICAL - 2022-12-16 02:22:13 --> Undefined array key "keterangan"
in APPPATH\Views\regsosek2022\arusdokumen.php on line 38.
 1 APPPATH\Views\regsosek2022\arusdokumen.php(38): CodeIgniter\Debug\Exceptions->errorHandler(2, 'Undefined array key "keterangan"', 'APPPATH\\Views\\regsosek2022\\arusdokumen.php', 38)
 2 SYSTEMPATH\View\View.php(213): include('APPPATH\\Views\\regsosek2022\\arusdokumen.php')
 3 SYSTEMPATH\View\View.php(216): CodeIgniter\View\View->CodeIgniter\View\{closure}()
 4 SYSTEMPATH\Common.php(1134): CodeIgniter\View\View->render('regsosek2022/arusdokumen', [], true)
 5 APPPATH\Controllers\Regsosek2022.php(51): view('regsosek2022/arusdokumen', [...])
 6 SYSTEMPATH\CodeIgniter.php(927): App\Controllers\Regsosek2022->arusdokumen()
 7 SYSTEMPATH\CodeIgniter.php(482): CodeIgniter\CodeIgniter->runController(Object(App\Controllers\Regsosek2022))
 8 SYSTEMPATH\CodeIgniter.php(351): CodeIgniter\CodeIgniter->handleRequest(null, Object(Config\Cache), false)
 9 FCPATH\index.php(67): CodeIgniter\CodeIgniter->run()
10 SYSTEMPATH\Commands\Server\rewrite.php(46): require_once('FCPATH\\index.php')
CRITICAL - 2022-12-16 02:33:45 --> Cannot use object of type stdClass as array
in APPPATH\Views\regsosek2022\arusdokumenedit.php on line 17.
 1 SYSTEMPATH\View\View.php(213): include()
 2 SYSTEMPATH\View\View.php(216): CodeIgniter\View\View->CodeIgniter\View\{closure}()
 3 SYSTEMPATH\Common.php(1134): CodeIgniter\View\View->render('regsosek2022/arusdokumenedit', [], true)
 4 APPPATH\Controllers\Regsosek2022.php(65): view('regsosek2022/arusdokumenedit', [...])
 5 SYSTEMPATH\CodeIgniter.php(927): App\Controllers\Regsosek2022->arusdokumenedit('1206030006000100')
 6 SYSTEMPATH\CodeIgniter.php(482): CodeIgniter\CodeIgniter->runController(Object(App\Controllers\Regsosek2022))
 7 SYSTEMPATH\CodeIgniter.php(351): CodeIgniter\CodeIgniter->handleRequest(null, Object(Config\Cache), false)
 8 FCPATH\index.php(67): CodeIgniter\CodeIgniter->run()
 9 SYSTEMPATH\Commands\Server\rewrite.php(46): require_once('FCPATH\\index.php')
CRITICAL - 2022-12-16 03:25:06 --> The route for "/regsosek2022/arusdokumen" cannot be found.
in SYSTEMPATH\HTTP\RedirectResponse.php on line 60.
 1 SYSTEMPATH\HTTP\RedirectResponse.php(60): CodeIgniter\HTTP\Exceptions\HTTPException::forInvalidRedirectRoute('/regsosek2022/arusdokumen')
 2 SYSTEMPATH\Common.php(860): CodeIgniter\HTTP\RedirectResponse->route(false)
 3 APPPATH\Controllers\Regsosek2022.php(85): redirect('/regsosek2022/arusdokumen')
 4 SYSTEMPATH\CodeIgniter.php(927): App\Controllers\Regsosek2022->arusdokumenedit('1206030004000100')
 5 SYSTEMPATH\CodeIgniter.php(482): CodeIgniter\CodeIgniter->runController(Object(App\Controllers\Regsosek2022))
 6 SYSTEMPATH\CodeIgniter.php(351): CodeIgniter\CodeIgniter->handleRequest(null, Object(Config\Cache), false)
 7 FCPATH\index.php(67): CodeIgniter\CodeIgniter->run()
 8 SYSTEMPATH\Commands\Server\rewrite.php(46): require_once('FCPATH\\index.php')
CRITICAL - 2022-12-16 03:25:19 --> The route for "/regsosek2022/arusdokumen/1206030004000100" cannot be found.
in SYSTEMPATH\HTTP\RedirectResponse.php on line 60.
 1 SYSTEMPATH\HTTP\RedirectResponse.php(60): CodeIgniter\HTTP\Exceptions\HTTPException::forInvalidRedirectRoute('/regsosek2022/arusdokumen/1206030004000100')
 2 SYSTEMPATH\Common.php(860): CodeIgniter\HTTP\RedirectResponse->route(false)
 3 APPPATH\Controllers\Regsosek2022.php(85): redirect('/regsosek2022/arusdokumen/1206030004000100')
 4 SYSTEMPATH\CodeIgniter.php(927): App\Controllers\Regsosek2022->arusdokumenedit('1206030004000100')
 5 SYSTEMPATH\CodeIgniter.php(482): CodeIgniter\CodeIgniter->runController(Object(App\Controllers\Regsosek2022))
 6 SYSTEMPATH\CodeIgniter.php(351): CodeIgniter\CodeIgniter->handleRequest(null, Object(Config\Cache), false)
 7 FCPATH\index.php(67): CodeIgniter\CodeIgniter->run()
 8 SYSTEMPATH\Commands\Server\rewrite.php(46): require_once('FCPATH\\index.php')
CRITICAL - 2022-12-16 03:25:27 --> The route for "/regsosek2022/arusdokumen/1206030004000100" cannot be found.
in SYSTEMPATH\HTTP\RedirectResponse.php on line 60.
 1 SYSTEMPATH\HTTP\RedirectResponse.php(60): CodeIgniter\HTTP\Exceptions\HTTPException::forInvalidRedirectRoute('/regsosek2022/arusdokumen/1206030004000100')
 2 SYSTEMPATH\Common.php(860): CodeIgniter\HTTP\RedirectResponse->route(false)
 3 APPPATH\Controllers\Regsosek2022.php(85): redirect('/regsosek2022/arusdokumen/1206030004000100')
 4 SYSTEMPATH\CodeIgniter.php(927): App\Controllers\Regsosek2022->arusdokumenedit('1206030004000100')
 5 SYSTEMPATH\CodeIgniter.php(482): CodeIgniter\CodeIgniter->runController(Object(App\Controllers\Regsosek2022))
 6 SYSTEMPATH\CodeIgniter.php(351): CodeIgniter\CodeIgniter->handleRequest(null, Object(Config\Cache), false)
 7 FCPATH\index.php(67): CodeIgniter\CodeIgniter->run()
 8 SYSTEMPATH\Commands\Server\rewrite.php(46): require_once('FCPATH\\index.php')
CRITICAL - 2022-12-16 03:25:31 --> The route for "/regsosek2022/arusdokumen/1206030004000100" cannot be found.
in SYSTEMPATH\HTTP\RedirectResponse.php on line 60.
 1 SYSTEMPATH\HTTP\RedirectResponse.php(60): CodeIgniter\HTTP\Exceptions\HTTPException::forInvalidRedirectRoute('/regsosek2022/arusdokumen/1206030004000100')
 2 SYSTEMPATH\Common.php(860): CodeIgniter\HTTP\RedirectResponse->route(false)
 3 APPPATH\Controllers\Regsosek2022.php(85): redirect('/regsosek2022/arusdokumen/1206030004000100')
 4 SYSTEMPATH\CodeIgniter.php(927): App\Controllers\Regsosek2022->arusdokumenedit('1206030004000100')
 5 SYSTEMPATH\CodeIgniter.php(482): CodeIgniter\CodeIgniter->runController(Object(App\Controllers\Regsosek2022))
 6 SYSTEMPATH\CodeIgniter.php(351): CodeIgniter\CodeIgniter->handleRequest(null, Object(Config\Cache), false)
 7 FCPATH\index.php(67): CodeIgniter\CodeIgniter->run()
 8 SYSTEMPATH\Commands\Server\rewrite.php(46): require_once('FCPATH\\index.php')
ERROR - 2022-12-16 08:34:02 --> mysqli_sql_exception: Table 'bps1206.sls' doesn't exist in C:\xampp7\htdocs\regsosek1206\vendor\codeigniter4\framework\system\Database\MySQLi\Connection.php:292
Stack trace:
#0 C:\xampp7\htdocs\regsosek1206\vendor\codeigniter4\framework\system\Database\MySQLi\Connection.php(292): mysqli->query('SELECT `sls`.`k...', 0)
#1 C:\xampp7\htdocs\regsosek1206\vendor\codeigniter4\framework\system\Database\BaseConnection.php(666): CodeIgniter\Database\MySQLi\Connection->execute('SELECT `sls`.`k...')
#2 C:\xampp7\htdocs\regsosek1206\vendor\codeigniter4\framework\system\Database\BaseConnection.php(593): CodeIgniter\Database\BaseConnection->simpleQuery('SELECT `sls`.`k...')
#3 C:\xampp7\htdocs\regsosek1206\vendor\codeigniter4\framework\system\Database\BaseBuilder.php(1585): CodeIgniter\Database\BaseConnection->query('SELECT `sls`.`k...', Array, false)
#4 C:\xampp7\htdocs\regsosek1206\app\Controllers\Regsosek2022.php(45): CodeIgniter\Database\BaseBuilder->get()
#5 C:\xampp7\htdocs\regsosek1206\vendor\codeigniter4\framework\system\CodeIgniter.php(927): App\Controllers\Regsosek2022->arusdokumen()
#6 C:\xampp7\htdocs\regsosek1206\vendor\codeigniter4\framework\system\CodeIgniter.php(482): CodeIgniter\CodeIgniter->runController(Object(App\Controllers\Regsosek2022))
#7 C:\xampp7\htdocs\regsosek1206\vendor\codeigniter4\framework\system\CodeIgniter.php(351): CodeIgniter\CodeIgniter->handleRequest(NULL, Object(Config\Cache), false)
#8 C:\xampp7\htdocs\regsosek1206\public\index.php(67): CodeIgniter\CodeIgniter->run()
#9 C:\xampp7\htdocs\regsosek1206\vendor\codeigniter4\framework\system\Commands\Server\rewrite.php(46): require_once('C:\\xampp7\\htdoc...')
#10 {main}
CRITICAL - 2022-12-16 08:34:02 --> Table 'bps1206.sls' doesn't exist
in SYSTEMPATH\Database\MySQLi\Connection.php on line 292.
 1 SYSTEMPATH\Database\MySQLi\Connection.php(292): mysqli->query('SELECT `sls`.`k_wil`, `arusdk`.`diterima_ipds`, `arusdk`.`diterima_mitra`, `arusdk`.`mitra`, `arusdk`.`kembali_tu`, `arusdk`.`ket`
FROM `sls`
LEFT JOIN `regsosek2022_arusdokumen` as `arusdk` ON `sls`.`k_wil` = `arusdk`.`k_wil`', 0)
 2 SYSTEMPATH\Database\BaseConnection.php(666): CodeIgniter\Database\MySQLi\Connection->execute('SELECT `sls`.`k_wil`, `arusdk`.`diterima_ipds`, `arusdk`.`diterima_mitra`, `arusdk`.`mitra`, `arusdk`.`kembali_tu`, `arusdk`.`ket`
FROM `sls`
LEFT JOIN `regsosek2022_arusdokumen` as `arusdk` ON `sls`.`k_wil` = `arusdk`.`k_wil`')
 3 SYSTEMPATH\Database\BaseConnection.php(593): CodeIgniter\Database\BaseConnection->simpleQuery('SELECT `sls`.`k_wil`, `arusdk`.`diterima_ipds`, `arusdk`.`diterima_mitra`, `arusdk`.`mitra`, `arusdk`.`kembali_tu`, `arusdk`.`ket`
FROM `sls`
LEFT JOIN `regsosek2022_arusdokumen` as `arusdk` ON `sls`.`k_wil` = `arusdk`.`k_wil`')
 4 SYSTEMPATH\Database\BaseBuilder.php(1585): CodeIgniter\Database\BaseConnection->query('SELECT `sls`.`k_wil`, `arusdk`.`diterima_ipds`, `arusdk`.`diterima_mitra`, `arusdk`.`mitra`, `arusdk`.`kembali_tu`, `arusdk`.`ket`
FROM `sls`
LEFT JOIN `regsosek2022_arusdokumen` as `arusdk` ON `sls`.`k_wil` = `arusdk`.`k_wil`', [], false)
 5 APPPATH\Controllers\Regsosek2022.php(45): CodeIgniter\Database\BaseBuilder->get()
 6 SYSTEMPATH\CodeIgniter.php(927): App\Controllers\Regsosek2022->arusdokumen()
 7 SYSTEMPATH\CodeIgniter.php(482): CodeIgniter\CodeIgniter->runController(Object(App\Controllers\Regsosek2022))
 8 SYSTEMPATH\CodeIgniter.php(351): CodeIgniter\CodeIgniter->handleRequest(null, Object(Config\Cache), false)
 9 FCPATH\index.php(67): CodeIgniter\CodeIgniter->run()
10 SYSTEMPATH\Commands\Server\rewrite.php(46): require_once('FCPATH\\index.php')
CRITICAL - 2022-12-16 21:38:00 --> Invalid file: regsosek2022/dokumenerror.php
in SYSTEMPATH\Exceptions\FrameworkException.php on line 33.
 1 SYSTEMPATH\View\View.php(201): CodeIgniter\Exceptions\FrameworkException::forInvalidFile('regsosek2022/dokumenerror.php')
 2 SYSTEMPATH\Common.php(1134): CodeIgniter\View\View->render('regsosek2022/dokumenerror', [], true)
 3 APPPATH\Controllers\Regsosek2022.php(99): view('regsosek2022/dokumenerror')
 4 SYSTEMPATH\CodeIgniter.php(927): App\Controllers\Regsosek2022->dokumenerror()
 5 SYSTEMPATH\CodeIgniter.php(482): CodeIgniter\CodeIgniter->runController(Object(App\Controllers\Regsosek2022))
 6 SYSTEMPATH\CodeIgniter.php(351): CodeIgniter\CodeIgniter->handleRequest(null, Object(Config\Cache), false)
 7 FCPATH\index.php(67): CodeIgniter\CodeIgniter->run()
 8 SYSTEMPATH\Commands\Server\rewrite.php(46): require_once('FCPATH\\index.php')
CRITICAL - 2022-12-16 21:55:24 --> require(vendor/autoload.php): Failed to open stream: No such file or directory
in APPPATH\Controllers\Regsosek2022.php on line 5.
 1 APPPATH\Controllers\Regsosek2022.php(5): CodeIgniter\Debug\Exceptions->errorHandler(2, 'require(vendor/autoload.php): Failed to open stream: No such file or directory', 'APPPATH\\Controllers\\Regsosek2022.php', 5)
 2 APPPATH\Controllers\Regsosek2022.php(5): require()
 3 SYSTEMPATH\Autoloader\Autoloader.php(282): include_once('APPPATH\\Controllers\\Regsosek2022.php')
 4 SYSTEMPATH\Autoloader\Autoloader.php(259): CodeIgniter\Autoloader\Autoloader->includeFile('APPPATH\\Controllers\\Regsosek2022.php')
 5 SYSTEMPATH\Autoloader\Autoloader.php(237): CodeIgniter\Autoloader\Autoloader->loadInNamespace('App\\Controllers\\Regsosek2022')
 6 [internal function]: CodeIgniter\Autoloader\Autoloader->loadClass('App\\Controllers\\Regsosek2022')
 7 SYSTEMPATH\CodeIgniter.php(877): class_exists('\\App\\Controllers\\Regsosek2022', true)
 8 SYSTEMPATH\CodeIgniter.php(469): CodeIgniter\CodeIgniter->startController()
 9 SYSTEMPATH\CodeIgniter.php(351): CodeIgniter\CodeIgniter->handleRequest(null, Object(Config\Cache), false)
10 FCPATH\index.php(67): CodeIgniter\CodeIgniter->run()
11 SYSTEMPATH\Commands\Server\rewrite.php(46): require_once('FCPATH\\index.php')
CRITICAL - 2022-12-16 22:36:30 --> File "template.xlsx" does not exist.
in VENDORPATH\phpoffice\phpspreadsheet\src\PhpSpreadsheet\Shared\File.php on line 149.
 1 VENDORPATH\phpoffice\phpspreadsheet\src\PhpSpreadsheet\IOFactory.php(129): PhpOffice\PhpSpreadsheet\Shared\File::assertFile('template.xlsx')
 2 VENDORPATH\phpoffice\phpspreadsheet\src\PhpSpreadsheet\IOFactory.php(100): PhpOffice\PhpSpreadsheet\IOFactory::createReaderForFile('template.xlsx', null)
 3 APPPATH\Controllers\Regsosek2022.php(110): PhpOffice\PhpSpreadsheet\IOFactory::load('template.xlsx')
 4 SYSTEMPATH\CodeIgniter.php(927): App\Controllers\Regsosek2022->dokumenerror()
 5 SYSTEMPATH\CodeIgniter.php(482): CodeIgniter\CodeIgniter->runController(Object(App\Controllers\Regsosek2022))
 6 SYSTEMPATH\CodeIgniter.php(351): CodeIgniter\CodeIgniter->handleRequest(null, Object(Config\Cache), false)
 7 FCPATH\index.php(67): CodeIgniter\CodeIgniter->run()
 8 SYSTEMPATH\Commands\Server\rewrite.php(46): require_once('FCPATH\\index.php')
