CRITICAL - 2023-01-22 22:22:28 --> Class "Kint\Renderer\Renderer" not found
in SYSTEMPATH\Config\Factories.php on line 129.
 1 SYSTEMPATH\Common.php(206): CodeIgniter\Config\Factories::__callStatic('config', [])
 2 SYSTEMPATH\CodeIgniter.php(272): config('Config\\Kint')
 3 SYSTEMPATH\CodeIgniter.php(237): CodeIgniter\CodeIgniter->configureKint()
 4 SYSTEMPATH\CodeIgniter.php(199): CodeIgniter\CodeIgniter->initializeKint()
 5 FCPATH\index.php(55): CodeIgniter\CodeIgniter->initialize()
 6 SYSTEMPATH\Commands\Server\rewrite.php(47): require_once('FCPATH\\index.php')
CRITICAL - 2023-01-22 23:13:42 --> explode(): Argument #2 ($string) must be of type string, array given
in APPPATH\Controllers\Regsosek2022.php on line 156.
 1 APPPATH\Controllers\Regsosek2022.php(156): explode(' ', [...])
 2 SYSTEMPATH\CodeIgniter.php(934): App\Controllers\Regsosek2022->updatedokumenerror()
 3 SYSTEMPATH\CodeIgniter.php(499): CodeIgniter\CodeIgniter->runController(Object(App\Controllers\Regsosek2022))
 4 SYSTEMPATH\CodeIgniter.php(368): CodeIgniter\CodeIgniter->handleRequest(null, Object(Config\Cache), false)
 5 FCPATH\index.php(67): CodeIgniter\CodeIgniter->run()
 6 SYSTEMPATH\Commands\Server\rewrite.php(47): require_once('FCPATH\\index.php')
CRITICAL - 2023-01-22 23:13:56 --> explode(): Argument #2 ($string) must be of type string, array given
in APPPATH\Controllers\Regsosek2022.php on line 156.
 1 APPPATH\Controllers\Regsosek2022.php(156): explode('-', [...])
 2 SYSTEMPATH\CodeIgniter.php(934): App\Controllers\Regsosek2022->updatedokumenerror()
 3 SYSTEMPATH\CodeIgniter.php(499): CodeIgniter\CodeIgniter->runController(Object(App\Controllers\Regsosek2022))
 4 SYSTEMPATH\CodeIgniter.php(368): CodeIgniter\CodeIgniter->handleRequest(null, Object(Config\Cache), false)
 5 FCPATH\index.php(67): CodeIgniter\CodeIgniter->run()
 6 SYSTEMPATH\Commands\Server\rewrite.php(47): require_once('FCPATH\\index.php')
CRITICAL - 2023-01-22 23:14:38 --> explode(): Argument #2 ($string) must be of type string, array given
in APPPATH\Controllers\Regsosek2022.php on line 156.
 1 APPPATH\Controllers\Regsosek2022.php(156): explode('-', [...])
 2 SYSTEMPATH\CodeIgniter.php(934): App\Controllers\Regsosek2022->updatedokumenerror()
 3 SYSTEMPATH\CodeIgniter.php(499): CodeIgniter\CodeIgniter->runController(Object(App\Controllers\Regsosek2022))
 4 SYSTEMPATH\CodeIgniter.php(368): CodeIgniter\CodeIgniter->handleRequest(null, Object(Config\Cache), false)
 5 FCPATH\index.php(67): CodeIgniter\CodeIgniter->run()
 6 SYSTEMPATH\Commands\Server\rewrite.php(47): require_once('FCPATH\\index.php')
CRITICAL - 2023-01-22 23:16:14 --> explode(): Argument #2 ($string) must be of type string, array given
in APPPATH\Controllers\Regsosek2022.php on line 162.
 1 APPPATH\Controllers\Regsosek2022.php(162): explode('-', [...])
 2 SYSTEMPATH\CodeIgniter.php(934): App\Controllers\Regsosek2022->updatedokumenerror()
 3 SYSTEMPATH\CodeIgniter.php(499): CodeIgniter\CodeIgniter->runController(Object(App\Controllers\Regsosek2022))
 4 SYSTEMPATH\CodeIgniter.php(368): CodeIgniter\CodeIgniter->handleRequest(null, Object(Config\Cache), false)
 5 FCPATH\index.php(67): CodeIgniter\CodeIgniter->run()
 6 SYSTEMPATH\Commands\Server\rewrite.php(47): require_once('FCPATH\\index.php')
CRITICAL - 2023-01-22 23:33:25 --> Deletes are not allowed unless they contain a "where" or "like" clause.
in SYSTEMPATH\Database\BaseBuilder.php on line 2753.
 1 APPPATH\Controllers\Regsosek2022.php(161): CodeIgniter\Database\BaseBuilder->delete()
 2 SYSTEMPATH\CodeIgniter.php(934): App\Controllers\Regsosek2022->updatedokumenerror()
 3 SYSTEMPATH\CodeIgniter.php(499): CodeIgniter\CodeIgniter->runController(Object(App\Controllers\Regsosek2022))
 4 SYSTEMPATH\CodeIgniter.php(368): CodeIgniter\CodeIgniter->handleRequest(null, Object(Config\Cache), false)
 5 FCPATH\index.php(67): CodeIgniter\CodeIgniter->run()
 6 SYSTEMPATH\Commands\Server\rewrite.php(47): require_once('FCPATH\\index.php')
