CRITICAL - 2023-01-23 07:32:28 --> Call to undefined method CodeIgniter\Database\MySQLi\Connection::where()
in APPPATH\Controllers\Regsosek2022.php on line 162.
 1 SYSTEMPATH\CodeIgniter.php(934): App\Controllers\Regsosek2022->updatedokumenerror()
 2 SYSTEMPATH\CodeIgniter.php(499): CodeIgniter\CodeIgniter->runController(Object(App\Controllers\Regsosek2022))
 3 SYSTEMPATH\CodeIgniter.php(368): CodeIgniter\CodeIgniter->handleRequest(null, Object(Config\Cache), false)
 4 FCPATH\index.php(67): CodeIgniter\CodeIgniter->run()
 5 SYSTEMPATH\Commands\Server\rewrite.php(47): require_once('FCPATH\\index.php')
CRITICAL - 2023-01-23 07:36:39 --> Deletes are not allowed unless they contain a "where" or "like" clause.
in SYSTEMPATH\Database\BaseBuilder.php on line 2753.
 1 APPPATH\Controllers\Regsosek2022.php(165): CodeIgniter\Database\BaseBuilder->delete()
 2 SYSTEMPATH\CodeIgniter.php(934): App\Controllers\Regsosek2022->updatedokumenerror()
 3 SYSTEMPATH\CodeIgniter.php(499): CodeIgniter\CodeIgniter->runController(Object(App\Controllers\Regsosek2022))
 4 SYSTEMPATH\CodeIgniter.php(368): CodeIgniter\CodeIgniter->handleRequest(null, Object(Config\Cache), false)
 5 FCPATH\index.php(67): CodeIgniter\CodeIgniter->run()
 6 SYSTEMPATH\Commands\Server\rewrite.php(47): require_once('FCPATH\\index.php')
CRITICAL - 2023-01-23 08:08:11 --> Undefined array key "Catatan"
in APPPATH\Views\regsosek2022\dokumenerrorlihat.php on line 43.
 1 APPPATH\Views\regsosek2022\dokumenerrorlihat.php(43): CodeIgniter\Debug\Exceptions->errorHandler(2, 'Undefined array key "Catatan"', 'APPPATH\\Views\\regsosek2022\\dokumenerrorlihat.php', 43)
 2 SYSTEMPATH\View\View.php(213): include('APPPATH\\Views\\regsosek2022\\dokumenerrorlihat.php')
 3 SYSTEMPATH\View\View.php(216): CodeIgniter\View\View->CodeIgniter\View\{closure}()
 4 SYSTEMPATH\Common.php(1177): CodeIgniter\View\View->render('regsosek2022/dokumenerrorlihat', [], true)
 5 APPPATH\Controllers\Regsosek2022.php(339): view('regsosek2022/dokumenerrorlihat', [...])
 6 SYSTEMPATH\CodeIgniter.php(934): App\Controllers\Regsosek2022->dokumenerrorlihat('1206071009000200')
 7 SYSTEMPATH\CodeIgniter.php(499): CodeIgniter\CodeIgniter->runController(Object(App\Controllers\Regsosek2022))
 8 SYSTEMPATH\CodeIgniter.php(368): CodeIgniter\CodeIgniter->handleRequest(null, Object(Config\Cache), false)
 9 FCPATH\index.php(67): CodeIgniter\CodeIgniter->run()
10 SYSTEMPATH\Commands\Server\rewrite.php(47): require_once('FCPATH\\index.php')
ERROR - 2023-01-23 08:41:37 --> mysqli_sql_exception: Unknown column 'id' in 'where clause' in C:\xampp7\htdocs\regsosek1206\vendor\codeigniter4\framework\system\Database\MySQLi\Connection.php:295
Stack trace:
#0 C:\xampp7\htdocs\regsosek1206\vendor\codeigniter4\framework\system\Database\MySQLi\Connection.php(295): mysqli->query('SELECT *\nFROM `...', 0)
#1 C:\xampp7\htdocs\regsosek1206\vendor\codeigniter4\framework\system\Database\BaseConnection.php(691): CodeIgniter\Database\MySQLi\Connection->execute('SELECT *\nFROM `...')
#2 C:\xampp7\htdocs\regsosek1206\vendor\codeigniter4\framework\system\Database\BaseConnection.php(605): CodeIgniter\Database\BaseConnection->simpleQuery('SELECT *\nFROM `...')
#3 C:\xampp7\htdocs\regsosek1206\vendor\codeigniter4\framework\system\Database\BaseBuilder.php(1602): CodeIgniter\Database\BaseConnection->query('SELECT *\nFROM `...', Array, false)
#4 C:\xampp7\htdocs\regsosek1206\app\Controllers\Regsosek2022.php(293): CodeIgniter\Database\BaseBuilder->get()
#5 C:\xampp7\htdocs\regsosek1206\vendor\codeigniter4\framework\system\CodeIgniter.php(934): App\Controllers\Regsosek2022->dokumenerrorlihat('120603001600020...', '2310', 'sudah')
#6 C:\xampp7\htdocs\regsosek1206\vendor\codeigniter4\framework\system\CodeIgniter.php(499): CodeIgniter\CodeIgniter->runController(Object(App\Controllers\Regsosek2022))
#7 C:\xampp7\htdocs\regsosek1206\vendor\codeigniter4\framework\system\CodeIgniter.php(368): CodeIgniter\CodeIgniter->handleRequest(NULL, Object(Config\Cache), false)
#8 C:\xampp7\htdocs\regsosek1206\public\index.php(67): CodeIgniter\CodeIgniter->run()
#9 C:\xampp7\htdocs\regsosek1206\vendor\codeigniter4\framework\system\Commands\Server\rewrite.php(47): require_once('C:\\xampp7\\htdoc...')
#10 {main}
CRITICAL - 2023-01-23 08:41:37 --> Unknown column 'id' in 'where clause'
in SYSTEMPATH\Database\BaseConnection.php on line 645.
 1 SYSTEMPATH\Database\BaseBuilder.php(1602): CodeIgniter\Database\BaseConnection->query('SELECT *
FROM `regsosek2022_arusdokumen` as `ad`
WHERE `id` = :id:', [...], false)
 2 APPPATH\Controllers\Regsosek2022.php(293): CodeIgniter\Database\BaseBuilder->get()
 3 SYSTEMPATH\CodeIgniter.php(934): App\Controllers\Regsosek2022->dokumenerrorlihat('1206030016000200', '2310', 'sudah')
 4 SYSTEMPATH\CodeIgniter.php(499): CodeIgniter\CodeIgniter->runController(Object(App\Controllers\Regsosek2022))
 5 SYSTEMPATH\CodeIgniter.php(368): CodeIgniter\CodeIgniter->handleRequest(null, Object(Config\Cache), false)
 6 FCPATH\index.php(67): CodeIgniter\CodeIgniter->run()
 7 SYSTEMPATH\Commands\Server\rewrite.php(47): require_once('FCPATH\\index.php')
CRITICAL - 2023-01-23 08:44:55 --> syntax error, unexpected token "if", expecting ":"
in APPPATH\Views\regsosek2022\dokumenerrorlihat.php on line 37.
 1 SYSTEMPATH\View\View.php(216): CodeIgniter\View\View->CodeIgniter\View\{closure}()
 2 SYSTEMPATH\Common.php(1177): CodeIgniter\View\View->render('regsosek2022/dokumenerrorlihat', [], true)
 3 APPPATH\Controllers\Regsosek2022.php(305): view('regsosek2022/dokumenerrorlihat', [...])
 4 SYSTEMPATH\CodeIgniter.php(934): App\Controllers\Regsosek2022->dokumenerrorlihat('1206030016000200', '2310', 'sudah')
 5 SYSTEMPATH\CodeIgniter.php(499): CodeIgniter\CodeIgniter->runController(Object(App\Controllers\Regsosek2022))
 6 SYSTEMPATH\CodeIgniter.php(368): CodeIgniter\CodeIgniter->handleRequest(null, Object(Config\Cache), false)
 7 FCPATH\index.php(67): CodeIgniter\CodeIgniter->run()
 8 SYSTEMPATH\Commands\Server\rewrite.php(47): require_once('FCPATH\\index.php')
CRITICAL - 2023-01-23 08:45:18 --> syntax error, unexpected token "if", expecting ":"
in APPPATH\Views\regsosek2022\dokumenerrorlihat.php on line 37.
 1 SYSTEMPATH\View\View.php(216): CodeIgniter\View\View->CodeIgniter\View\{closure}()
 2 SYSTEMPATH\Common.php(1177): CodeIgniter\View\View->render('regsosek2022/dokumenerrorlihat', [], true)
 3 APPPATH\Controllers\Regsosek2022.php(305): view('regsosek2022/dokumenerrorlihat', [...])
 4 SYSTEMPATH\CodeIgniter.php(934): App\Controllers\Regsosek2022->dokumenerrorlihat('1206030016000200', '2310', 'sudah')
 5 SYSTEMPATH\CodeIgniter.php(499): CodeIgniter\CodeIgniter->runController(Object(App\Controllers\Regsosek2022))
 6 SYSTEMPATH\CodeIgniter.php(368): CodeIgniter\CodeIgniter->handleRequest(null, Object(Config\Cache), false)
 7 FCPATH\index.php(67): CodeIgniter\CodeIgniter->run()
 8 SYSTEMPATH\Commands\Server\rewrite.php(47): require_once('FCPATH\\index.php')
CRITICAL - 2023-01-23 08:45:19 --> syntax error, unexpected token "if", expecting ":"
in APPPATH\Views\regsosek2022\dokumenerrorlihat.php on line 37.
 1 SYSTEMPATH\View\View.php(216): CodeIgniter\View\View->CodeIgniter\View\{closure}()
 2 SYSTEMPATH\Common.php(1177): CodeIgniter\View\View->render('regsosek2022/dokumenerrorlihat', [], true)
 3 APPPATH\Controllers\Regsosek2022.php(305): view('regsosek2022/dokumenerrorlihat', [...])
 4 SYSTEMPATH\CodeIgniter.php(934): App\Controllers\Regsosek2022->dokumenerrorlihat('1206030016000200', '2310', 'sudah')
 5 SYSTEMPATH\CodeIgniter.php(499): CodeIgniter\CodeIgniter->runController(Object(App\Controllers\Regsosek2022))
 6 SYSTEMPATH\CodeIgniter.php(368): CodeIgniter\CodeIgniter->handleRequest(null, Object(Config\Cache), false)
 7 FCPATH\index.php(67): CodeIgniter\CodeIgniter->run()
 8 SYSTEMPATH\Commands\Server\rewrite.php(47): require_once('FCPATH\\index.php')
CRITICAL - 2023-01-23 08:45:20 --> syntax error, unexpected token "if", expecting ":"
in APPPATH\Views\regsosek2022\dokumenerrorlihat.php on line 37.
 1 SYSTEMPATH\View\View.php(216): CodeIgniter\View\View->CodeIgniter\View\{closure}()
 2 SYSTEMPATH\Common.php(1177): CodeIgniter\View\View->render('regsosek2022/dokumenerrorlihat', [], true)
 3 APPPATH\Controllers\Regsosek2022.php(305): view('regsosek2022/dokumenerrorlihat', [...])
 4 SYSTEMPATH\CodeIgniter.php(934): App\Controllers\Regsosek2022->dokumenerrorlihat('1206030016000200', '2310', 'sudah')
 5 SYSTEMPATH\CodeIgniter.php(499): CodeIgniter\CodeIgniter->runController(Object(App\Controllers\Regsosek2022))
 6 SYSTEMPATH\CodeIgniter.php(368): CodeIgniter\CodeIgniter->handleRequest(null, Object(Config\Cache), false)
 7 FCPATH\index.php(67): CodeIgniter\CodeIgniter->run()
 8 SYSTEMPATH\Commands\Server\rewrite.php(47): require_once('FCPATH\\index.php')
CRITICAL - 2023-01-23 08:45:20 --> syntax error, unexpected token "if", expecting ":"
in APPPATH\Views\regsosek2022\dokumenerrorlihat.php on line 37.
 1 SYSTEMPATH\View\View.php(216): CodeIgniter\View\View->CodeIgniter\View\{closure}()
 2 SYSTEMPATH\Common.php(1177): CodeIgniter\View\View->render('regsosek2022/dokumenerrorlihat', [], true)
 3 APPPATH\Controllers\Regsosek2022.php(305): view('regsosek2022/dokumenerrorlihat', [...])
 4 SYSTEMPATH\CodeIgniter.php(934): App\Controllers\Regsosek2022->dokumenerrorlihat('1206030016000200', '2310', 'sudah')
 5 SYSTEMPATH\CodeIgniter.php(499): CodeIgniter\CodeIgniter->runController(Object(App\Controllers\Regsosek2022))
 6 SYSTEMPATH\CodeIgniter.php(368): CodeIgniter\CodeIgniter->handleRequest(null, Object(Config\Cache), false)
 7 FCPATH\index.php(67): CodeIgniter\CodeIgniter->run()
 8 SYSTEMPATH\Commands\Server\rewrite.php(47): require_once('FCPATH\\index.php')
CRITICAL - 2023-01-23 08:45:23 --> syntax error, unexpected token "if", expecting ":"
in APPPATH\Views\regsosek2022\dokumenerrorlihat.php on line 37.
 1 SYSTEMPATH\View\View.php(216): CodeIgniter\View\View->CodeIgniter\View\{closure}()
 2 SYSTEMPATH\Common.php(1177): CodeIgniter\View\View->render('regsosek2022/dokumenerrorlihat', [], true)
 3 APPPATH\Controllers\Regsosek2022.php(305): view('regsosek2022/dokumenerrorlihat', [...])
 4 SYSTEMPATH\CodeIgniter.php(934): App\Controllers\Regsosek2022->dokumenerrorlihat('1206030016000200', '2310', 'sudah')
 5 SYSTEMPATH\CodeIgniter.php(499): CodeIgniter\CodeIgniter->runController(Object(App\Controllers\Regsosek2022))
 6 SYSTEMPATH\CodeIgniter.php(368): CodeIgniter\CodeIgniter->handleRequest(null, Object(Config\Cache), false)
 7 FCPATH\index.php(67): CodeIgniter\CodeIgniter->run()
 8 SYSTEMPATH\Commands\Server\rewrite.php(47): require_once('FCPATH\\index.php')
CRITICAL - 2023-01-23 08:45:23 --> syntax error, unexpected token "if", expecting ":"
in APPPATH\Views\regsosek2022\dokumenerrorlihat.php on line 37.
 1 SYSTEMPATH\View\View.php(216): CodeIgniter\View\View->CodeIgniter\View\{closure}()
 2 SYSTEMPATH\Common.php(1177): CodeIgniter\View\View->render('regsosek2022/dokumenerrorlihat', [], true)
 3 APPPATH\Controllers\Regsosek2022.php(305): view('regsosek2022/dokumenerrorlihat', [...])
 4 SYSTEMPATH\CodeIgniter.php(934): App\Controllers\Regsosek2022->dokumenerrorlihat('1206030016000200', '2310', 'sudah')
 5 SYSTEMPATH\CodeIgniter.php(499): CodeIgniter\CodeIgniter->runController(Object(App\Controllers\Regsosek2022))
 6 SYSTEMPATH\CodeIgniter.php(368): CodeIgniter\CodeIgniter->handleRequest(null, Object(Config\Cache), false)
 7 FCPATH\index.php(67): CodeIgniter\CodeIgniter->run()
 8 SYSTEMPATH\Commands\Server\rewrite.php(47): require_once('FCPATH\\index.php')
CRITICAL - 2023-01-23 08:45:24 --> syntax error, unexpected token "if", expecting ":"
in APPPATH\Views\regsosek2022\dokumenerrorlihat.php on line 37.
 1 SYSTEMPATH\View\View.php(216): CodeIgniter\View\View->CodeIgniter\View\{closure}()
 2 SYSTEMPATH\Common.php(1177): CodeIgniter\View\View->render('regsosek2022/dokumenerrorlihat', [], true)
 3 APPPATH\Controllers\Regsosek2022.php(305): view('regsosek2022/dokumenerrorlihat', [...])
 4 SYSTEMPATH\CodeIgniter.php(934): App\Controllers\Regsosek2022->dokumenerrorlihat('1206030016000200', '2310', 'sudah')
 5 SYSTEMPATH\CodeIgniter.php(499): CodeIgniter\CodeIgniter->runController(Object(App\Controllers\Regsosek2022))
 6 SYSTEMPATH\CodeIgniter.php(368): CodeIgniter\CodeIgniter->handleRequest(null, Object(Config\Cache), false)
 7 FCPATH\index.php(67): CodeIgniter\CodeIgniter->run()
 8 SYSTEMPATH\Commands\Server\rewrite.php(47): require_once('FCPATH\\index.php')
CRITICAL - 2023-01-23 08:45:24 --> syntax error, unexpected token "if", expecting ":"
in APPPATH\Views\regsosek2022\dokumenerrorlihat.php on line 37.
 1 SYSTEMPATH\View\View.php(216): CodeIgniter\View\View->CodeIgniter\View\{closure}()
 2 SYSTEMPATH\Common.php(1177): CodeIgniter\View\View->render('regsosek2022/dokumenerrorlihat', [], true)
 3 APPPATH\Controllers\Regsosek2022.php(305): view('regsosek2022/dokumenerrorlihat', [...])
 4 SYSTEMPATH\CodeIgniter.php(934): App\Controllers\Regsosek2022->dokumenerrorlihat('1206030016000200', '2310', 'sudah')
 5 SYSTEMPATH\CodeIgniter.php(499): CodeIgniter\CodeIgniter->runController(Object(App\Controllers\Regsosek2022))
 6 SYSTEMPATH\CodeIgniter.php(368): CodeIgniter\CodeIgniter->handleRequest(null, Object(Config\Cache), false)
 7 FCPATH\index.php(67): CodeIgniter\CodeIgniter->run()
 8 SYSTEMPATH\Commands\Server\rewrite.php(47): require_once('FCPATH\\index.php')
CRITICAL - 2023-01-23 08:45:49 --> syntax error, unexpected token "if", expecting ":"
in APPPATH\Views\regsosek2022\dokumenerrorlihat.php on line 37.
 1 SYSTEMPATH\View\View.php(216): CodeIgniter\View\View->CodeIgniter\View\{closure}()
 2 SYSTEMPATH\Common.php(1177): CodeIgniter\View\View->render('regsosek2022/dokumenerrorlihat', [], true)
 3 APPPATH\Controllers\Regsosek2022.php(305): view('regsosek2022/dokumenerrorlihat', [...])
 4 SYSTEMPATH\CodeIgniter.php(934): App\Controllers\Regsosek2022->dokumenerrorlihat('1206030016000200', '2310', 'sudah')
 5 SYSTEMPATH\CodeIgniter.php(499): CodeIgniter\CodeIgniter->runController(Object(App\Controllers\Regsosek2022))
 6 SYSTEMPATH\CodeIgniter.php(368): CodeIgniter\CodeIgniter->handleRequest(null, Object(Config\Cache), false)
 7 FCPATH\index.php(67): CodeIgniter\CodeIgniter->run()
 8 SYSTEMPATH\Commands\Server\rewrite.php(47): require_once('FCPATH\\index.php')
CRITICAL - 2023-01-23 08:45:55 --> syntax error, unexpected token "if", expecting ":"
in APPPATH\Views\regsosek2022\dokumenerrorlihat.php on line 37.
 1 SYSTEMPATH\View\View.php(216): CodeIgniter\View\View->CodeIgniter\View\{closure}()
 2 SYSTEMPATH\Common.php(1177): CodeIgniter\View\View->render('regsosek2022/dokumenerrorlihat', [], true)
 3 APPPATH\Controllers\Regsosek2022.php(305): view('regsosek2022/dokumenerrorlihat', [...])
 4 SYSTEMPATH\CodeIgniter.php(934): App\Controllers\Regsosek2022->dokumenerrorlihat('1206030016000200', '2310', 'sudah')
 5 SYSTEMPATH\CodeIgniter.php(499): CodeIgniter\CodeIgniter->runController(Object(App\Controllers\Regsosek2022))
 6 SYSTEMPATH\CodeIgniter.php(368): CodeIgniter\CodeIgniter->handleRequest(null, Object(Config\Cache), false)
 7 FCPATH\index.php(67): CodeIgniter\CodeIgniter->run()
 8 SYSTEMPATH\Commands\Server\rewrite.php(47): require_once('FCPATH\\index.php')
CRITICAL - 2023-01-23 08:45:59 --> syntax error, unexpected token "if", expecting ":"
in APPPATH\Views\regsosek2022\dokumenerrorlihat.php on line 37.
 1 SYSTEMPATH\View\View.php(216): CodeIgniter\View\View->CodeIgniter\View\{closure}()
 2 SYSTEMPATH\Common.php(1177): CodeIgniter\View\View->render('regsosek2022/dokumenerrorlihat', [], true)
 3 APPPATH\Controllers\Regsosek2022.php(305): view('regsosek2022/dokumenerrorlihat', [...])
 4 SYSTEMPATH\CodeIgniter.php(934): App\Controllers\Regsosek2022->dokumenerrorlihat('1206030016000200', '2310', 'sudah')
 5 SYSTEMPATH\CodeIgniter.php(499): CodeIgniter\CodeIgniter->runController(Object(App\Controllers\Regsosek2022))
 6 SYSTEMPATH\CodeIgniter.php(368): CodeIgniter\CodeIgniter->handleRequest(null, Object(Config\Cache), false)
 7 FCPATH\index.php(67): CodeIgniter\CodeIgniter->run()
 8 SYSTEMPATH\Commands\Server\rewrite.php(47): require_once('FCPATH\\index.php')
CRITICAL - 2023-01-23 08:47:33 --> syntax error, unexpected token "if", expecting ":"
in APPPATH\Views\regsosek2022\dokumenerrorlihat.php on line 37.
 1 SYSTEMPATH\View\View.php(216): CodeIgniter\View\View->CodeIgniter\View\{closure}()
 2 SYSTEMPATH\Common.php(1177): CodeIgniter\View\View->render('regsosek2022/dokumenerrorlihat', [], true)
 3 APPPATH\Controllers\Regsosek2022.php(305): view('regsosek2022/dokumenerrorlihat', [...])
 4 SYSTEMPATH\CodeIgniter.php(934): App\Controllers\Regsosek2022->dokumenerrorlihat('1206030016000200', '2310', 'sudah')
 5 SYSTEMPATH\CodeIgniter.php(499): CodeIgniter\CodeIgniter->runController(Object(App\Controllers\Regsosek2022))
 6 SYSTEMPATH\CodeIgniter.php(368): CodeIgniter\CodeIgniter->handleRequest(null, Object(Config\Cache), false)
 7 FCPATH\index.php(67): CodeIgniter\CodeIgniter->run()
 8 SYSTEMPATH\Commands\Server\rewrite.php(47): require_once('FCPATH\\index.php')
CRITICAL - 2023-01-23 08:48:34 --> syntax error, unexpected token "if", expecting ":"
in APPPATH\Views\regsosek2022\dokumenerrorlihat.php on line 37.
 1 SYSTEMPATH\View\View.php(216): CodeIgniter\View\View->CodeIgniter\View\{closure}()
 2 SYSTEMPATH\Common.php(1177): CodeIgniter\View\View->render('regsosek2022/dokumenerrorlihat', [], true)
 3 APPPATH\Controllers\Regsosek2022.php(305): view('regsosek2022/dokumenerrorlihat', [...])
 4 SYSTEMPATH\CodeIgniter.php(934): App\Controllers\Regsosek2022->dokumenerrorlihat('1206030016000200', '2310', 'sudah')
 5 SYSTEMPATH\CodeIgniter.php(499): CodeIgniter\CodeIgniter->runController(Object(App\Controllers\Regsosek2022))
 6 SYSTEMPATH\CodeIgniter.php(368): CodeIgniter\CodeIgniter->handleRequest(null, Object(Config\Cache), false)
 7 FCPATH\index.php(67): CodeIgniter\CodeIgniter->run()
 8 SYSTEMPATH\Commands\Server\rewrite.php(47): require_once('FCPATH\\index.php')
CRITICAL - 2023-01-23 13:05:58 --> Undefined array key 0
in APPPATH\Views\regsosek2022\dokumenerrorlihat.php on line 10.
 1 APPPATH\Views\regsosek2022\dokumenerrorlihat.php(10): CodeIgniter\Debug\Exceptions->errorHandler(2, 'Undefined array key 0', 'APPPATH\\Views\\regsosek2022\\dokumenerrorlihat.php', 10)
 2 SYSTEMPATH\View\View.php(213): include('APPPATH\\Views\\regsosek2022\\dokumenerrorlihat.php')
 3 SYSTEMPATH\View\View.php(216): CodeIgniter\View\View->CodeIgniter\View\{closure}()
 4 SYSTEMPATH\Common.php(1177): CodeIgniter\View\View->render('regsosek2022/dokumenerrorlihat', [], true)
 5 APPPATH\Controllers\Regsosek2022.php(299): view('regsosek2022/dokumenerrorlihat', [...])
 6 SYSTEMPATH\CodeIgniter.php(934): App\Controllers\Regsosek2022->dokumenerrorlihat('1206040015000200')
 7 SYSTEMPATH\CodeIgniter.php(499): CodeIgniter\CodeIgniter->runController(Object(App\Controllers\Regsosek2022))
 8 SYSTEMPATH\CodeIgniter.php(368): CodeIgniter\CodeIgniter->handleRequest(null, Object(Config\Cache), false)
 9 FCPATH\index.php(67): CodeIgniter\CodeIgniter->run()
10 SYSTEMPATH\Commands\Server\rewrite.php(47): require_once('FCPATH\\index.php')
