CRITICAL - 2023-01-11 20:21:26 --> Undefined variable $301
in APPPATH\Views\regsosek2022\index.php on line 28.
 1 APPPATH\Views\regsosek2022\index.php(28): CodeIgniter\Debug\Exceptions->errorHandler(2, 'Undefined variable $301', 'APPPATH\\Views\\regsosek2022\\index.php', 28)
 2 SYSTEMPATH\View\View.php(213): include('APPPATH\\Views\\regsosek2022\\index.php')
 3 SYSTEMPATH\View\View.php(216): CodeIgniter\View\View->CodeIgniter\View\{closure}()
 4 SYSTEMPATH\Common.php(1134): CodeIgniter\View\View->render('regsosek2022/index', [], true)
 5 APPPATH\Controllers\Regsosek2022.php(101): view('regsosek2022/index', [...])
 6 SYSTEMPATH\CodeIgniter.php(927): App\Controllers\Regsosek2022->index()
 7 SYSTEMPATH\CodeIgniter.php(482): CodeIgniter\CodeIgniter->runController(Object(App\Controllers\Regsosek2022))
 8 SYSTEMPATH\CodeIgniter.php(351): CodeIgniter\CodeIgniter->handleRequest(null, Object(Config\Cache), false)
 9 FCPATH\index.php(67): CodeIgniter\CodeIgniter->run()
10 SYSTEMPATH\Commands\Server\rewrite.php(46): require_once('FCPATH\\index.php')
CRITICAL - 2023-01-11 20:26:37 --> Undefined variable $doktotal
in APPPATH\Views\regsosek2022\index.php on line 29.
 1 APPPATH\Views\regsosek2022\index.php(29): CodeIgniter\Debug\Exceptions->errorHandler(2, 'Undefined variable $doktotal', 'APPPATH\\Views\\regsosek2022\\index.php', 29)
 2 SYSTEMPATH\View\View.php(213): include('APPPATH\\Views\\regsosek2022\\index.php')
 3 SYSTEMPATH\View\View.php(216): CodeIgniter\View\View->CodeIgniter\View\{closure}()
 4 SYSTEMPATH\Common.php(1134): CodeIgniter\View\View->render('regsosek2022/index', [], true)
 5 APPPATH\Controllers\Regsosek2022.php(101): view('regsosek2022/index', [...])
 6 SYSTEMPATH\CodeIgniter.php(927): App\Controllers\Regsosek2022->index()
 7 SYSTEMPATH\CodeIgniter.php(482): CodeIgniter\CodeIgniter->runController(Object(App\Controllers\Regsosek2022))
 8 SYSTEMPATH\CodeIgniter.php(351): CodeIgniter\CodeIgniter->handleRequest(null, Object(Config\Cache), false)
 9 FCPATH\index.php(67): CodeIgniter\CodeIgniter->run()
10 SYSTEMPATH\Commands\Server\rewrite.php(46): require_once('FCPATH\\index.php')
CRITICAL - 2023-01-11 20:26:42 --> Undefined variable $doktotal
in APPPATH\Views\regsosek2022\index.php on line 29.
 1 APPPATH\Views\regsosek2022\index.php(29): CodeIgniter\Debug\Exceptions->errorHandler(2, 'Undefined variable $doktotal', 'APPPATH\\Views\\regsosek2022\\index.php', 29)
 2 SYSTEMPATH\View\View.php(213): include('APPPATH\\Views\\regsosek2022\\index.php')
 3 SYSTEMPATH\View\View.php(216): CodeIgniter\View\View->CodeIgniter\View\{closure}()
 4 SYSTEMPATH\Common.php(1134): CodeIgniter\View\View->render('regsosek2022/index', [], true)
 5 APPPATH\Controllers\Regsosek2022.php(101): view('regsosek2022/index', [...])
 6 SYSTEMPATH\CodeIgniter.php(927): App\Controllers\Regsosek2022->index()
 7 SYSTEMPATH\CodeIgniter.php(482): CodeIgniter\CodeIgniter->runController(Object(App\Controllers\Regsosek2022))
 8 SYSTEMPATH\CodeIgniter.php(351): CodeIgniter\CodeIgniter->handleRequest(null, Object(Config\Cache), false)
 9 FCPATH\index.php(67): CodeIgniter\CodeIgniter->run()
10 SYSTEMPATH\Commands\Server\rewrite.php(46): require_once('FCPATH\\index.php')
CRITICAL - 2023-01-11 20:26:44 --> Undefined variable $doktotal
in APPPATH\Views\regsosek2022\index.php on line 29.
 1 APPPATH\Views\regsosek2022\index.php(29): CodeIgniter\Debug\Exceptions->errorHandler(2, 'Undefined variable $doktotal', 'APPPATH\\Views\\regsosek2022\\index.php', 29)
 2 SYSTEMPATH\View\View.php(213): include('APPPATH\\Views\\regsosek2022\\index.php')
 3 SYSTEMPATH\View\View.php(216): CodeIgniter\View\View->CodeIgniter\View\{closure}()
 4 SYSTEMPATH\Common.php(1134): CodeIgniter\View\View->render('regsosek2022/index', [], true)
 5 APPPATH\Controllers\Regsosek2022.php(101): view('regsosek2022/index', [...])
 6 SYSTEMPATH\CodeIgniter.php(927): App\Controllers\Regsosek2022->index()
 7 SYSTEMPATH\CodeIgniter.php(482): CodeIgniter\CodeIgniter->runController(Object(App\Controllers\Regsosek2022))
 8 SYSTEMPATH\CodeIgniter.php(351): CodeIgniter\CodeIgniter->handleRequest(null, Object(Config\Cache), false)
 9 FCPATH\index.php(67): CodeIgniter\CodeIgniter->run()
10 SYSTEMPATH\Commands\Server\rewrite.php(46): require_once('FCPATH\\index.php')
CRITICAL - 2023-01-11 20:26:47 --> Undefined variable $doktotal
in APPPATH\Views\regsosek2022\index.php on line 29.
 1 APPPATH\Views\regsosek2022\index.php(29): CodeIgniter\Debug\Exceptions->errorHandler(2, 'Undefined variable $doktotal', 'APPPATH\\Views\\regsosek2022\\index.php', 29)
 2 SYSTEMPATH\View\View.php(213): include('APPPATH\\Views\\regsosek2022\\index.php')
 3 SYSTEMPATH\View\View.php(216): CodeIgniter\View\View->CodeIgniter\View\{closure}()
 4 SYSTEMPATH\Common.php(1134): CodeIgniter\View\View->render('regsosek2022/index', [], true)
 5 APPPATH\Controllers\Regsosek2022.php(101): view('regsosek2022/index', [...])
 6 SYSTEMPATH\CodeIgniter.php(927): App\Controllers\Regsosek2022->index()
 7 SYSTEMPATH\CodeIgniter.php(482): CodeIgniter\CodeIgniter->runController(Object(App\Controllers\Regsosek2022))
 8 SYSTEMPATH\CodeIgniter.php(351): CodeIgniter\CodeIgniter->handleRequest(null, Object(Config\Cache), false)
 9 FCPATH\index.php(67): CodeIgniter\CodeIgniter->run()
10 SYSTEMPATH\Commands\Server\rewrite.php(46): require_once('FCPATH\\index.php')
CRITICAL - 2023-01-11 20:27:13 --> Undefined variable $doktotal
in APPPATH\Views\regsosek2022\index.php on line 29.
 1 APPPATH\Views\regsosek2022\index.php(29): CodeIgniter\Debug\Exceptions->errorHandler(2, 'Undefined variable $doktotal', 'APPPATH\\Views\\regsosek2022\\index.php', 29)
 2 SYSTEMPATH\View\View.php(213): include('APPPATH\\Views\\regsosek2022\\index.php')
 3 SYSTEMPATH\View\View.php(216): CodeIgniter\View\View->CodeIgniter\View\{closure}()
 4 SYSTEMPATH\Common.php(1134): CodeIgniter\View\View->render('regsosek2022/index', [], true)
 5 APPPATH\Controllers\Regsosek2022.php(101): view('regsosek2022/index', [...])
 6 SYSTEMPATH\CodeIgniter.php(927): App\Controllers\Regsosek2022->index()
 7 SYSTEMPATH\CodeIgniter.php(482): CodeIgniter\CodeIgniter->runController(Object(App\Controllers\Regsosek2022))
 8 SYSTEMPATH\CodeIgniter.php(351): CodeIgniter\CodeIgniter->handleRequest(null, Object(Config\Cache), false)
 9 FCPATH\index.php(67): CodeIgniter\CodeIgniter->run()
10 SYSTEMPATH\Commands\Server\rewrite.php(46): require_once('FCPATH\\index.php')
CRITICAL - 2023-01-11 20:27:14 --> Undefined variable $doktotal
in APPPATH\Views\regsosek2022\index.php on line 29.
 1 APPPATH\Views\regsosek2022\index.php(29): CodeIgniter\Debug\Exceptions->errorHandler(2, 'Undefined variable $doktotal', 'APPPATH\\Views\\regsosek2022\\index.php', 29)
 2 SYSTEMPATH\View\View.php(213): include('APPPATH\\Views\\regsosek2022\\index.php')
 3 SYSTEMPATH\View\View.php(216): CodeIgniter\View\View->CodeIgniter\View\{closure}()
 4 SYSTEMPATH\Common.php(1134): CodeIgniter\View\View->render('regsosek2022/index', [], true)
 5 APPPATH\Controllers\Regsosek2022.php(101): view('regsosek2022/index', [...])
 6 SYSTEMPATH\CodeIgniter.php(927): App\Controllers\Regsosek2022->index()
 7 SYSTEMPATH\CodeIgniter.php(482): CodeIgniter\CodeIgniter->runController(Object(App\Controllers\Regsosek2022))
 8 SYSTEMPATH\CodeIgniter.php(351): CodeIgniter\CodeIgniter->handleRequest(null, Object(Config\Cache), false)
 9 FCPATH\index.php(67): CodeIgniter\CodeIgniter->run()
10 SYSTEMPATH\Commands\Server\rewrite.php(46): require_once('FCPATH\\index.php')
CRITICAL - 2023-01-11 20:27:35 --> Undefined variable $doktotal
in APPPATH\Views\regsosek2022\index.php on line 29.
 1 APPPATH\Views\regsosek2022\index.php(29): CodeIgniter\Debug\Exceptions->errorHandler(2, 'Undefined variable $doktotal', 'APPPATH\\Views\\regsosek2022\\index.php', 29)
 2 SYSTEMPATH\View\View.php(213): include('APPPATH\\Views\\regsosek2022\\index.php')
 3 SYSTEMPATH\View\View.php(216): CodeIgniter\View\View->CodeIgniter\View\{closure}()
 4 SYSTEMPATH\Common.php(1134): CodeIgniter\View\View->render('regsosek2022/index', [], true)
 5 APPPATH\Controllers\Regsosek2022.php(101): view('regsosek2022/index', [...])
 6 SYSTEMPATH\CodeIgniter.php(927): App\Controllers\Regsosek2022->index()
 7 SYSTEMPATH\CodeIgniter.php(482): CodeIgniter\CodeIgniter->runController(Object(App\Controllers\Regsosek2022))
 8 SYSTEMPATH\CodeIgniter.php(351): CodeIgniter\CodeIgniter->handleRequest(null, Object(Config\Cache), false)
 9 FCPATH\index.php(67): CodeIgniter\CodeIgniter->run()
10 SYSTEMPATH\Commands\Server\rewrite.php(46): require_once('FCPATH\\index.php')
